2023-07-20 10:32:01.8713|DEBUG|Microsoft.Extensions.Hosting.Internal.Host|Hosting starting
2023-07-20 10:32:03.2727|INFO|Microsoft.AspNetCore.DataProtection.KeyManagement.XmlKeyManager|User profile is available. Using 'C:\Users\Manuel\AppData\Local\ASP.NET\DataProtection-Keys' as key repository and Windows DPAPI to encrypt keys at rest.
2023-07-20 10:32:03.6292|DEBUG|Quartz.Simpl.TaskSchedulingThreadPool|TaskSchedulingThreadPool configured with max concurrency of 10 and TaskScheduler ThreadPoolTaskScheduler.
2023-07-20 10:32:03.7333|INFO|Quartz.Core.SchedulerSignalerImpl|Initialized Scheduler Signaller of type: Quartz.Core.SchedulerSignalerImpl
2023-07-20 10:32:03.7868|INFO|Quartz.Core.QuartzScheduler|Quartz Scheduler created
2023-07-20 10:32:03.8381|INFO|Quartz.Core.QuartzScheduler|JobFactory set to: Quartz.Simpl.MicrosoftDependencyInjectionJobFactory
2023-07-20 10:32:03.8912|INFO|Quartz.Simpl.RAMJobStore|RAMJobStore initialized.
2023-07-20 10:32:03.9464|INFO|Quartz.Core.QuartzScheduler|Scheduler meta-data: Quartz Scheduler (v3.4.0.0) 'Notificaciones' with instanceId 'Scheduler-Notificacion'
  Scheduler class: 'Quartz.Core.QuartzScheduler' - running locally.
  NOT STARTED.
  Currently in standby mode.
  Number of jobs executed: 0
  Using thread pool 'Quartz.Simpl.DefaultThreadPool' - with 10 threads.
  Using job-store 'Quartz.Simpl.RAMJobStore' - which does not support persistence. and is not clustered.

2023-07-20 10:32:04.0024|INFO|Quartz.Impl.StdSchedulerFactory|Quartz scheduler 'Notificaciones' initialized
2023-07-20 10:32:04.0535|INFO|Quartz.Impl.StdSchedulerFactory|Quartz scheduler version: 3.4.0.0
2023-07-20 10:32:04.1556|INFO|Quartz.ContainerConfigurationProcessor|Adding 0 jobs, 0 triggers.
2023-07-20 10:32:04.2247|DEBUG|Microsoft.AspNetCore.DataProtection.Repositories.FileSystemXmlRepository|Reading data from file 'C:\Users\Manuel\AppData\Local\ASP.NET\DataProtection-Keys\key-2f7463d5-09f6-42b0-b038-897a699a3a01.xml'.
2023-07-20 10:32:04.3641|DEBUG|Microsoft.AspNetCore.DataProtection.Repositories.FileSystemXmlRepository|Reading data from file 'C:\Users\Manuel\AppData\Local\ASP.NET\DataProtection-Keys\key-8a172727-ab68-4caa-a957-f6dbc16963c2.xml'.
2023-07-20 10:32:04.4369|DEBUG|Microsoft.AspNetCore.DataProtection.Repositories.FileSystemXmlRepository|Reading data from file 'C:\Users\Manuel\AppData\Local\ASP.NET\DataProtection-Keys\key-8c634a91-ae70-4347-8421-cdb79c947157.xml'.
2023-07-20 10:32:04.5193|DEBUG|Microsoft.AspNetCore.DataProtection.KeyManagement.XmlKeyManager|Found key {2f7463d5-09f6-42b0-b038-897a699a3a01}.
2023-07-20 10:32:04.5820|DEBUG|Microsoft.AspNetCore.DataProtection.KeyManagement.XmlKeyManager|Found key {8a172727-ab68-4caa-a957-f6dbc16963c2}.
2023-07-20 10:32:04.6347|DEBUG|Microsoft.AspNetCore.DataProtection.KeyManagement.XmlKeyManager|Found key {8c634a91-ae70-4347-8421-cdb79c947157}.
2023-07-20 10:32:04.6991|DEBUG|Microsoft.AspNetCore.DataProtection.KeyManagement.DefaultKeyResolver|Considering key {8a172727-ab68-4caa-a957-f6dbc16963c2} with expiration date 2023-09-24 14:42:34Z as default key.
2023-07-20 10:32:04.7574|DEBUG|Microsoft.AspNetCore.DataProtection.TypeForwardingActivator|Forwarded activator type request from Microsoft.AspNetCore.DataProtection.XmlEncryption.DpapiXmlDecryptor, Microsoft.AspNetCore.DataProtection, Version=6.0.0.0, Culture=neutral, PublicKeyToken=adb9793829ddae60 to Microsoft.AspNetCore.DataProtection.XmlEncryption.DpapiXmlDecryptor, Microsoft.AspNetCore.DataProtection, Culture=neutral, PublicKeyToken=adb9793829ddae60
2023-07-20 10:32:04.8170|DEBUG|Microsoft.AspNetCore.DataProtection.XmlEncryption.DpapiXmlDecryptor|Decrypting secret element using Windows DPAPI.
2023-07-20 10:32:04.8817|DEBUG|Microsoft.AspNetCore.DataProtection.TypeForwardingActivator|Forwarded activator type request from Microsoft.AspNetCore.DataProtection.AuthenticatedEncryption.ConfigurationModel.AuthenticatedEncryptorDescriptorDeserializer, Microsoft.AspNetCore.DataProtection, Version=6.0.0.0, Culture=neutral, PublicKeyToken=adb9793829ddae60 to Microsoft.AspNetCore.DataProtection.AuthenticatedEncryption.ConfigurationModel.AuthenticatedEncryptorDescriptorDeserializer, Microsoft.AspNetCore.DataProtection, Culture=neutral, PublicKeyToken=adb9793829ddae60
2023-07-20 10:32:05.3630|DEBUG|Microsoft.AspNetCore.DataProtection.AuthenticatedEncryption.CngCbcAuthenticatedEncryptorFactory|Opening CNG algorithm 'AES' from provider '(null)' with chaining mode CBC.
2023-07-20 10:32:05.4216|DEBUG|Microsoft.AspNetCore.DataProtection.AuthenticatedEncryption.CngCbcAuthenticatedEncryptorFactory|Opening CNG algorithm 'SHA256' from provider '(null)' with HMAC.
2023-07-20 10:32:05.4801|DEBUG|Microsoft.AspNetCore.DataProtection.KeyManagement.KeyRingProvider|Using key {8a172727-ab68-4caa-a957-f6dbc16963c2} as the default key.
2023-07-20 10:32:05.5344|DEBUG|Microsoft.AspNetCore.DataProtection.Internal.DataProtectionHostedService|Key ring with default key {8a172727-ab68-4caa-a957-f6dbc16963c2} was loaded during application startup.
2023-07-20 10:32:06.6863|DEBUG|Microsoft.AspNetCore.Mvc.Razor.Compilation.DefaultViewCompiler|Initializing Razor view compiler with no compiled views.
2023-07-20 10:32:06.7702|DEBUG|Microsoft.AspNetCore.Mvc.ModelBinding.ModelBinderFactory|Registered model binder providers, in the following order: Microsoft.AspNetCore.Mvc.ModelBinding.Binders.BinderTypeModelBinderProvider, Microsoft.AspNetCore.Mvc.ModelBinding.Binders.ServicesModelBinderProvider, Microsoft.AspNetCore.Mvc.ModelBinding.Binders.BodyModelBinderProvider, Microsoft.AspNetCore.Mvc.ModelBinding.Binders.HeaderModelBinderProvider, Microsoft.AspNetCore.Mvc.ModelBinding.Binders.FloatingPointTypeModelBinderProvider, Microsoft.AspNetCore.Mvc.ModelBinding.Binders.EnumTypeModelBinderProvider, Microsoft.AspNetCore.Mvc.ModelBinding.Binders.DateTimeModelBinderProvider, Microsoft.AspNetCore.Mvc.ModelBinding.Binders.SimpleTypeModelBinderProvider, Microsoft.AspNetCore.Mvc.ModelBinding.Binders.CancellationTokenModelBinderProvider, Microsoft.AspNetCore.Mvc.ModelBinding.Binders.ByteArrayModelBinderProvider, Microsoft.AspNetCore.Mvc.ModelBinding.Binders.FormFileModelBinderProvider, Microsoft.AspNetCore.Mvc.ModelBinding.Binders.FormCollectionModelBinderProvider, Microsoft.AspNetCore.Mvc.ModelBinding.Binders.KeyValuePairModelBinderProvider, Microsoft.AspNetCore.Mvc.ModelBinding.Binders.DictionaryModelBinderProvider, Microsoft.AspNetCore.Mvc.ModelBinding.Binders.ArrayModelBinderProvider, Microsoft.AspNetCore.Mvc.ModelBinding.Binders.CollectionModelBinderProvider, Microsoft.AspNetCore.Mvc.ModelBinding.Binders.ComplexObjectModelBinderProvider
2023-07-20 10:32:07.3409|DEBUG|Microsoft.AspNetCore.Server.Kestrel.Core.KestrelServer|Using development certificate: CN=localhost (Thumbprint: 2A56E4850DEE069647BE910EF39C8C149FAF80EE)
2023-07-20 10:32:07.5036|INFO|Microsoft.Hosting.Lifetime|Now listening on: https://localhost:5001
2023-07-20 10:32:07.5551|INFO|Microsoft.Hosting.Lifetime|Now listening on: http://localhost:5000
2023-07-20 10:32:07.6085|DEBUG|Microsoft.AspNetCore.Hosting.Diagnostics|Loaded hosting startup assembly VEJuicios
2023-07-20 10:32:07.6139|DEBUG|Microsoft.AspNetCore.Server.Kestrel.Connections|Connection id "0HMS94MRC5P54" accepted.
2023-07-20 10:32:07.6139|DEBUG|Microsoft.AspNetCore.Server.Kestrel.Connections|Connection id "0HMS94MRC5P53" accepted.
2023-07-20 10:32:07.6604|DEBUG|Microsoft.AspNetCore.Hosting.Diagnostics|Loaded hosting startup assembly Microsoft.AspNetCore.Watch.BrowserRefresh
2023-07-20 10:32:07.7634|DEBUG|Microsoft.AspNetCore.Server.Kestrel.Connections|Connection id "0HMS94MRC5P53" started.
2023-07-20 10:32:07.7163|DEBUG|Microsoft.AspNetCore.Server.Kestrel.Connections|Connection id "0HMS94MRC5P54" started.
2023-07-20 10:32:07.8193|DEBUG|Microsoft.AspNetCore.Hosting.Diagnostics|Loaded hosting startup assembly Microsoft.WebTools.BrowserLink.Net
2023-07-20 10:32:07.9790|INFO|VEJuicios.Worker.Worker|Worker running at: 07/20/2023 10:32:07 -03:00
2023-07-20 10:32:08.0529|INFO|Microsoft.Hosting.Lifetime|Application started. Press Ctrl+C to shut down.
2023-07-20 10:32:08.0750|INFO|Quartz.Core.QuartzScheduler|Scheduler Notificaciones_$_Scheduler-Notificacion started.
2023-07-20 10:32:08.0836|DEBUG|Quartz.Core.QuartzSchedulerThread|Batch acquisition of 0 triggers
2023-07-20 10:32:08.1043|INFO|Microsoft.Hosting.Lifetime|Hosting environment: Development
2023-07-20 10:32:08.2743|INFO|Microsoft.Hosting.Lifetime|Content root path: C:\Users\Manuel\source\repos\ve-juicios\Main\Source\VEJuicios
2023-07-20 10:32:08.3301|DEBUG|Microsoft.Extensions.Hosting.Internal.Host|Hosting started
2023-07-20 10:32:09.0464|INFO|VEJuicios.Worker.Worker|Worker running at: 07/20/2023 10:32:09 -03:00
2023-07-20 10:32:09.1013|DEBUG|Microsoft.AspNetCore.Server.Kestrel.Connections|Connection id "0HMS94MRC5P55" accepted.
2023-07-20 10:32:09.1588|DEBUG|Microsoft.AspNetCore.Server.Kestrel.Connections|Connection id "0HMS94MRC5P55" started.
2023-07-20 10:32:09.5111|DEBUG|Microsoft.AspNetCore.Server.Kestrel.Https.Internal.HttpsConnectionMiddleware|Connection 0HMS94MRC5P55 established using the following protocol: Tls12
2023-07-20 10:32:09.6866|INFO|Microsoft.AspNetCore.Hosting.Diagnostics|Request starting HTTP/2 GET https://localhost:5001/swagger - -
2023-07-20 10:32:09.7929|DEBUG|Microsoft.AspNetCore.HostFiltering.HostFilteringMiddleware|Wildcard detected, all requests with hosts will be allowed.
2023-07-20 10:32:09.8469|DEBUG|Microsoft.AspNetCore.StaticFiles.StaticFileMiddleware|The request path /swagger does not match a supported file type
2023-07-20 10:32:09.9478|DEBUG|Microsoft.AspNetCore.Routing.Matching.DfaMatcher|No candidates found for the request path '/swagger'
2023-07-20 10:32:10.0013|DEBUG|Microsoft.AspNetCore.Routing.EndpointRoutingMiddleware|Request did not match any endpoints
2023-07-20 10:32:10.1097|INFO|VEJuicios.Worker.Worker|Worker running at: 07/20/2023 10:32:10 -03:00
2023-07-20 10:32:10.1585|INFO|Microsoft.AspNetCore.Hosting.Diagnostics|Request finished HTTP/2 GET https://localhost:5001/swagger - - - 301 0 - 472.2681ms
2023-07-20 10:32:10.1585|INFO|Microsoft.AspNetCore.Hosting.Diagnostics|Request starting HTTP/2 GET https://localhost:5001/swagger/index.html - -
2023-07-20 10:32:10.2715|DEBUG|Microsoft.AspNetCore.StaticFiles.StaticFileMiddleware|The request path /swagger/index.html does not match an existing file
2023-07-20 10:32:10.3284|DEBUG|Microsoft.AspNetCore.Routing.Matching.DfaMatcher|No candidates found for the request path '/swagger/index.html'
2023-07-20 10:32:10.3962|DEBUG|Microsoft.AspNetCore.Routing.EndpointRoutingMiddleware|Request did not match any endpoints
2023-07-20 10:32:10.5378|DEBUG|Microsoft.AspNetCore.Watch.BrowserRefresh.BrowserRefreshMiddleware|Response markup is scheduled to include browser refresh script injection.
2023-07-20 10:32:11.0016|INFO|Microsoft.AspNetCore.Hosting.Diagnostics|Request starting HTTP/2 GET https://localhost:5001/swagger/swagger-ui.css - -
2023-07-20 10:32:11.0016|INFO|Microsoft.AspNetCore.Hosting.Diagnostics|Request starting HTTP/2 GET https://localhost:5001/swagger/swagger-ui-bundle.js - -
2023-07-20 10:32:11.0016|INFO|Microsoft.AspNetCore.Hosting.Diagnostics|Request starting HTTP/2 GET https://localhost:5001/_framework/aspnetcore-browser-refresh.js - -
2023-07-20 10:32:11.0016|INFO|Microsoft.AspNetCore.Hosting.Diagnostics|Request starting HTTP/2 GET https://localhost:5001/swagger/swagger-ui-standalone-preset.js - -
2023-07-20 10:32:11.0016|DEBUG|Microsoft.AspNetCore.Watch.BrowserRefresh.BrowserRefreshMiddleware|Response markup was updated to include browser refresh script injection.
2023-07-20 10:32:11.0551|DEBUG|Microsoft.AspNetCore.StaticFiles.StaticFileMiddleware|The request path /swagger/swagger-ui.css does not match an existing file
2023-07-20 10:32:11.1056|DEBUG|Microsoft.AspNetCore.StaticFiles.StaticFileMiddleware|The request path /swagger/swagger-ui-bundle.js does not match an existing file
2023-07-20 10:32:11.2677|INFO|Microsoft.AspNetCore.Hosting.Diagnostics|Request finished HTTP/2 GET https://localhost:5001/swagger/index.html - - - 200 - text/html;charset=utf-8 1102.1871ms
2023-07-20 10:32:11.2124|DEBUG|Microsoft.AspNetCore.StaticFiles.StaticFileMiddleware|The request path /swagger/swagger-ui-standalone-preset.js does not match an existing file
2023-07-20 10:32:11.1673|INFO|Microsoft.AspNetCore.Hosting.Diagnostics|Request finished HTTP/2 GET https://localhost:5001/_framework/aspnetcore-browser-refresh.js - - - 200 11988 application/javascript;+charset=utf-8 165.0012ms
2023-07-20 10:32:11.1867|INFO|VEJuicios.Worker.Worker|Worker running at: 07/20/2023 10:32:11 -03:00
2023-07-20 10:32:11.3003|INFO|Microsoft.AspNetCore.Hosting.Diagnostics|Request starting HTTP/2 GET https://localhost:5001/_vs/browserLink - -
2023-07-20 10:32:11.3155|DEBUG|Microsoft.AspNetCore.Routing.Matching.DfaMatcher|No candidates found for the request path '/swagger/swagger-ui.css'
2023-07-20 10:32:11.3665|DEBUG|Microsoft.AspNetCore.Routing.Matching.DfaMatcher|No candidates found for the request path '/swagger/swagger-ui-bundle.js'
2023-07-20 10:32:11.4699|DEBUG|Microsoft.AspNetCore.Routing.Matching.DfaMatcher|No candidates found for the request path '/swagger/swagger-ui-standalone-preset.js'
2023-07-20 10:32:11.7444|DEBUG|Microsoft.AspNetCore.Routing.EndpointRoutingMiddleware|Request did not match any endpoints
2023-07-20 10:32:11.6931|DEBUG|Microsoft.AspNetCore.Routing.EndpointRoutingMiddleware|Request did not match any endpoints
2023-07-20 10:32:11.7985|DEBUG|Microsoft.AspNetCore.Routing.EndpointRoutingMiddleware|Request did not match any endpoints
2023-07-20 10:32:11.7797|INFO|Microsoft.AspNetCore.Hosting.Diagnostics|Request finished HTTP/2 GET https://localhost:5001/_vs/browserLink - - - 200 - text/javascript;+charset=UTF-8 479.3282ms
2023-07-20 10:32:11.9218|INFO|Microsoft.AspNetCore.StaticFiles.StaticFileMiddleware|Sending file. Request path: '/swagger-ui.css'. Physical path: 'N/A'
2023-07-20 10:32:11.9218|INFO|Microsoft.AspNetCore.StaticFiles.StaticFileMiddleware|Sending file. Request path: '/swagger-ui-bundle.js'. Physical path: 'N/A'
2023-07-20 10:32:11.9660|INFO|Microsoft.AspNetCore.StaticFiles.StaticFileMiddleware|Sending file. Request path: '/swagger-ui-standalone-preset.js'. Physical path: 'N/A'
2023-07-20 10:32:12.0676|INFO|Microsoft.AspNetCore.Hosting.Diagnostics|Request finished HTTP/2 GET https://localhost:5001/swagger/swagger-ui.css - - - 200 144929 text/css 1065.9647ms
2023-07-20 10:32:12.1189|INFO|Microsoft.AspNetCore.Hosting.Diagnostics|Request finished HTTP/2 GET https://localhost:5001/swagger/swagger-ui-bundle.js - - - 200 1061536 application/javascript 1117.2431ms
2023-07-20 10:32:12.1801|INFO|Microsoft.AspNetCore.Hosting.Diagnostics|Request finished HTTP/2 GET https://localhost:5001/swagger/swagger-ui-standalone-preset.js - - - 200 312163 application/javascript 1177.5779ms
2023-07-20 10:32:12.3290|INFO|Microsoft.AspNetCore.Hosting.Diagnostics|Request starting HTTP/2 GET https://localhost:5001/swagger/favicon-32x32.png - -
2023-07-20 10:32:12.3874|DEBUG|Microsoft.AspNetCore.StaticFiles.StaticFileMiddleware|The request path /swagger/favicon-32x32.png does not match an existing file
2023-07-20 10:32:12.4385|DEBUG|Microsoft.AspNetCore.Routing.Matching.DfaMatcher|No candidates found for the request path '/swagger/favicon-32x32.png'
2023-07-20 10:32:12.4900|DEBUG|Microsoft.AspNetCore.Routing.EndpointRoutingMiddleware|Request did not match any endpoints
2023-07-20 10:32:12.5455|INFO|Microsoft.AspNetCore.StaticFiles.StaticFileMiddleware|Sending file. Request path: '/favicon-32x32.png'. Physical path: 'N/A'
2023-07-20 10:32:12.5833|INFO|VEJuicios.Worker.Worker|Worker running at: 07/20/2023 10:32:12 -03:00
2023-07-20 10:32:12.5985|INFO|Microsoft.AspNetCore.Hosting.Diagnostics|Request finished HTTP/2 GET https://localhost:5001/swagger/favicon-32x32.png - - - 200 628 image/png 269.4777ms
2023-07-20 10:32:12.6530|INFO|Microsoft.AspNetCore.Hosting.Diagnostics|Request starting HTTP/2 GET https://localhost:5001/swagger/v1/swagger.json - -
2023-07-20 10:32:12.7634|DEBUG|Microsoft.AspNetCore.StaticFiles.StaticFileMiddleware|The request path /swagger/v1/swagger.json does not match an existing file
2023-07-20 10:32:12.8166|DEBUG|Microsoft.AspNetCore.Routing.Matching.DfaMatcher|No candidates found for the request path '/swagger/v1/swagger.json'
2023-07-20 10:32:12.8689|DEBUG|Microsoft.AspNetCore.Routing.EndpointRoutingMiddleware|Request did not match any endpoints
2023-07-20 10:32:13.1677|INFO|Microsoft.AspNetCore.Hosting.Diagnostics|Request finished HTTP/2 GET https://localhost:5001/swagger/v1/swagger.json - - - 200 - application/json;charset=utf-8 514.7541ms
2023-07-20 10:32:13.3059|DEBUG|Microsoft.AspNetCore.Server.Kestrel.Transport.Sockets|Connection id "0HMS94MRC5P55" received FIN.
2023-07-20 10:32:13.3662|DEBUG|Microsoft.AspNetCore.Server.Kestrel.Http2|Connection id "0HMS94MRC5P55" is closed. The last processed stream ID was 17.
2023-07-20 10:32:13.4183|DEBUG|Microsoft.AspNetCore.Server.Kestrel.Transport.Sockets|Connection id "0HMS94MRC5P55" sending FIN because: "The client closed the connection."
2023-07-20 10:32:13.4937|DEBUG|Microsoft.AspNetCore.Server.Kestrel.Connections|Connection id "0HMS94MRC5P55" stopped.
2023-07-20 10:32:13.5910|DEBUG|Microsoft.AspNetCore.Server.Kestrel.Connections|Connection id "0HMS94MRC5P56" accepted.
2023-07-20 10:32:13.6567|DEBUG|Microsoft.AspNetCore.Server.Kestrel.Connections|Connection id "0HMS94MRC5P56" started.
2023-07-20 10:32:13.6567|INFO|VEJuicios.Worker.Worker|Worker running at: 07/20/2023 10:32:13 -03:00
2023-07-20 10:32:13.7272|DEBUG|Microsoft.AspNetCore.Server.Kestrel.Https.Internal.HttpsConnectionMiddleware|Connection 0HMS94MRC5P56 established using the following protocol: Tls12
2023-07-20 10:32:14.7818|INFO|VEJuicios.Worker.Worker|Worker running at: 07/20/2023 10:32:14 -03:00
2023-07-20 10:32:15.8485|INFO|VEJuicios.Worker.Worker|Worker running at: 07/20/2023 10:32:15 -03:00
2023-07-20 10:32:16.9143|INFO|VEJuicios.Worker.Worker|Worker running at: 07/20/2023 10:32:16 -03:00
2023-07-20 10:32:17.9356|DEBUG|Microsoft.AspNetCore.Server.Kestrel.Https.Internal.HttpsConnectionMiddleware|Authentication of the HTTPS connection timed out.
2023-07-20 10:32:17.9356|DEBUG|Microsoft.AspNetCore.Server.Kestrel.Https.Internal.HttpsConnectionMiddleware|Authentication of the HTTPS connection timed out.
2023-07-20 10:32:17.9689|INFO|VEJuicios.Worker.Worker|Worker running at: 07/20/2023 10:32:17 -03:00
2023-07-20 10:32:17.9892|DEBUG|Microsoft.AspNetCore.Server.Kestrel.Connections|Connection id "0HMS94MRC5P53" stopped.
2023-07-20 10:32:18.0401|DEBUG|Microsoft.AspNetCore.Server.Kestrel.Connections|Connection id "0HMS94MRC5P54" stopped.
2023-07-20 10:32:18.1475|DEBUG|Microsoft.AspNetCore.Server.Kestrel.Transport.Sockets|Connection id "0HMS94MRC5P53" sending FIN because: "The Socket transport's send loop completed gracefully."
2023-07-20 10:32:18.2013|DEBUG|Microsoft.AspNetCore.Server.Kestrel.Transport.Sockets|Connection id "0HMS94MRC5P54" sending FIN because: "The Socket transport's send loop completed gracefully."
2023-07-20 10:32:18.3089|DEBUG|Microsoft.AspNetCore.Server.Kestrel.Transport.Sockets|Connection id "0HMS94MRC5P56" received FIN.
2023-07-20 10:32:18.3603|DEBUG|Microsoft.AspNetCore.Server.Kestrel.Http2|Connection id "0HMS94MRC5P56" is closed. The last processed stream ID was 0.
2023-07-20 10:32:18.4112|DEBUG|Microsoft.AspNetCore.Server.Kestrel.Transport.Sockets|Connection id "0HMS94MRC5P56" sending FIN because: "The client closed the connection."
2023-07-20 10:32:18.4772|DEBUG|Microsoft.AspNetCore.Server.Kestrel.Connections|Connection id "0HMS94MRC5P56" stopped.
2023-07-20 10:32:19.1044|INFO|VEJuicios.Worker.Worker|Worker running at: 07/20/2023 10:32:19 -03:00
2023-07-20 10:32:20.1679|INFO|VEJuicios.Worker.Worker|Worker running at: 07/20/2023 10:32:20 -03:00
2023-07-20 10:32:21.2325|INFO|VEJuicios.Worker.Worker|Worker running at: 07/20/2023 10:32:21 -03:00
2023-07-20 10:32:22.2977|INFO|VEJuicios.Worker.Worker|Worker running at: 07/20/2023 10:32:22 -03:00
2023-07-20 10:32:23.3718|INFO|VEJuicios.Worker.Worker|Worker running at: 07/20/2023 10:32:23 -03:00
2023-07-20 10:32:24.4382|INFO|VEJuicios.Worker.Worker|Worker running at: 07/20/2023 10:32:24 -03:00
2023-07-20 10:32:25.5059|INFO|VEJuicios.Worker.Worker|Worker running at: 07/20/2023 10:32:25 -03:00
2023-07-20 10:32:26.5708|INFO|VEJuicios.Worker.Worker|Worker running at: 07/20/2023 10:32:26 -03:00
2023-07-20 10:32:27.6334|INFO|VEJuicios.Worker.Worker|Worker running at: 07/20/2023 10:32:27 -03:00
2023-07-20 10:32:28.6849|INFO|VEJuicios.Worker.Worker|Worker running at: 07/20/2023 10:32:28 -03:00
2023-07-20 10:32:29.7545|INFO|VEJuicios.Worker.Worker|Worker running at: 07/20/2023 10:32:29 -03:00
2023-07-20 10:32:30.8180|INFO|VEJuicios.Worker.Worker|Worker running at: 07/20/2023 10:32:30 -03:00
2023-07-20 10:32:31.8814|INFO|VEJuicios.Worker.Worker|Worker running at: 07/20/2023 10:32:31 -03:00
2023-07-20 10:32:32.9486|INFO|VEJuicios.Worker.Worker|Worker running at: 07/20/2023 10:32:32 -03:00
2023-07-20 10:32:34.0243|INFO|VEJuicios.Worker.Worker|Worker running at: 07/20/2023 10:32:34 -03:00
2023-07-20 10:32:35.0927|INFO|VEJuicios.Worker.Worker|Worker running at: 07/20/2023 10:32:35 -03:00
2023-07-20 10:32:36.1504|INFO|VEJuicios.Worker.Worker|Worker running at: 07/20/2023 10:32:36 -03:00
2023-07-20 10:32:36.3660|DEBUG|Quartz.Core.QuartzSchedulerThread|Batch acquisition of 0 triggers
2023-07-20 10:32:37.2132|INFO|VEJuicios.Worker.Worker|Worker running at: 07/20/2023 10:32:37 -03:00
2023-07-20 10:32:38.2745|INFO|VEJuicios.Worker.Worker|Worker running at: 07/20/2023 10:32:38 -03:00
2023-07-20 10:32:39.3381|INFO|VEJuicios.Worker.Worker|Worker running at: 07/20/2023 10:32:39 -03:00
2023-07-20 10:32:40.4024|INFO|VEJuicios.Worker.Worker|Worker running at: 07/20/2023 10:32:40 -03:00
2023-07-20 10:32:41.4767|INFO|VEJuicios.Worker.Worker|Worker running at: 07/20/2023 10:32:41 -03:00
2023-07-20 10:32:42.5344|INFO|VEJuicios.Worker.Worker|Worker running at: 07/20/2023 10:32:42 -03:00
2023-07-20 10:32:43.5968|INFO|VEJuicios.Worker.Worker|Worker running at: 07/20/2023 10:32:43 -03:00
2023-07-20 10:32:44.6645|INFO|VEJuicios.Worker.Worker|Worker running at: 07/20/2023 10:32:44 -03:00
2023-07-20 10:32:45.7299|INFO|VEJuicios.Worker.Worker|Worker running at: 07/20/2023 10:32:45 -03:00
2023-07-20 10:32:46.7945|INFO|VEJuicios.Worker.Worker|Worker running at: 07/20/2023 10:32:46 -03:00
2023-07-20 10:32:47.8585|INFO|VEJuicios.Worker.Worker|Worker running at: 07/20/2023 10:32:47 -03:00
2023-07-20 10:32:48.9281|INFO|VEJuicios.Worker.Worker|Worker running at: 07/20/2023 10:32:48 -03:00
2023-07-20 10:32:49.9835|INFO|VEJuicios.Worker.Worker|Worker running at: 07/20/2023 10:32:49 -03:00
2023-07-20 10:32:51.0519|INFO|VEJuicios.Worker.Worker|Worker running at: 07/20/2023 10:32:51 -03:00
2023-07-20 10:32:52.1164|INFO|VEJuicios.Worker.Worker|Worker running at: 07/20/2023 10:32:52 -03:00
2023-07-20 10:32:53.1725|INFO|VEJuicios.Worker.Worker|Worker running at: 07/20/2023 10:32:53 -03:00
2023-07-20 10:32:54.1999|DEBUG|Microsoft.AspNetCore.Server.Kestrel.Connections|Connection id "0HMS94MRC5P57" accepted.
2023-07-20 10:32:54.2327|INFO|VEJuicios.Worker.Worker|Worker running at: 07/20/2023 10:32:54 -03:00
2023-07-20 10:32:54.2545|DEBUG|Microsoft.AspNetCore.Server.Kestrel.Connections|Connection id "0HMS94MRC5P57" started.
2023-07-20 10:32:54.3767|DEBUG|Microsoft.AspNetCore.Server.Kestrel.Https.Internal.HttpsConnectionMiddleware|Connection 0HMS94MRC5P57 established using the following protocol: Tls12
2023-07-20 10:32:54.4367|INFO|Microsoft.AspNetCore.Hosting.Diagnostics|Request starting HTTP/2 POST https://localhost:5001/AniadirArchivoAdjunto?notificacionId=1&userId=10 multipart/form-data;+boundary=----WebKitFormBoundaryC4DyVXLadoH5AKBp 755
2023-07-20 10:32:54.4904|DEBUG|Microsoft.AspNetCore.StaticFiles.StaticFileMiddleware|POST requests are not supported
2023-07-20 10:32:54.5562|DEBUG|Microsoft.AspNetCore.Routing.Matching.DfaMatcher|1 candidate(s) found for the request path '/AniadirArchivoAdjunto'
2023-07-20 10:32:54.6272|DEBUG|Microsoft.AspNetCore.Routing.Matching.DfaMatcher|Endpoint 'VEJuicios.Controllers.PdfControllers.AniadirArchivoAdjuntoNotificacion (VEJuicios)' with route pattern 'AniadirArchivoAdjunto' is valid for the request path '/AniadirArchivoAdjunto'
2023-07-20 10:32:54.6806|DEBUG|Microsoft.AspNetCore.Routing.EndpointRoutingMiddleware|Request matched endpoint 'VEJuicios.Controllers.PdfControllers.AniadirArchivoAdjuntoNotificacion (VEJuicios)'
2023-07-20 10:32:54.7339|DEBUG|Microsoft.AspNetCore.Cors.Infrastructure.CorsService|The request has an origin header: 'https://localhost:5001'.
2023-07-20 10:32:54.7860|INFO|Microsoft.AspNetCore.Cors.Infrastructure.CorsService|CORS policy execution successful.
2023-07-20 10:32:54.8418|INFO|Microsoft.AspNetCore.Routing.EndpointMiddleware|Executing endpoint 'VEJuicios.Controllers.PdfControllers.AniadirArchivoAdjuntoNotificacion (VEJuicios)'
2023-07-20 10:32:55.0021|INFO|Microsoft.AspNetCore.Mvc.Infrastructure.ControllerActionInvoker|Route matched with {action = "AniadirArchivoAdjuntoNotificacion", controller = "PdfControllers"}. Executing controller action with signature System.Threading.Tasks.Task`1[Microsoft.AspNetCore.Mvc.IActionResult] AniadirArchivoAdjuntoNotificacion(Microsoft.AspNetCore.Http.IFormFile, Int32, Int32) on controller VEJuicios.Controllers.PdfControllers (VEJuicios).
2023-07-20 10:32:55.0553|DEBUG|Microsoft.AspNetCore.Mvc.Infrastructure.ControllerActionInvoker|Execution plan of authorization filters (in the following order): None
2023-07-20 10:32:55.1065|DEBUG|Microsoft.AspNetCore.Mvc.Infrastructure.ControllerActionInvoker|Execution plan of resource filters (in the following order): Microsoft.AspNetCore.Mvc.ViewFeatures.Filters.SaveTempDataFilter
2023-07-20 10:32:55.1577|DEBUG|Microsoft.AspNetCore.Mvc.Infrastructure.ControllerActionInvoker|Execution plan of action filters (in the following order): Microsoft.AspNetCore.Mvc.ModelBinding.UnsupportedContentTypeFilter (Order: -3000), Microsoft.AspNetCore.Mvc.Infrastructure.ModelStateInvalidFilter (Order: -2000)
2023-07-20 10:32:55.2099|DEBUG|Microsoft.AspNetCore.Mvc.Infrastructure.ControllerActionInvoker|Execution plan of exception filters (in the following order): None
2023-07-20 10:32:55.2634|DEBUG|Microsoft.AspNetCore.Mvc.Infrastructure.ControllerActionInvoker|Execution plan of result filters (in the following order): Microsoft.AspNetCore.Mvc.ViewFeatures.Filters.SaveTempDataFilter, Microsoft.AspNetCore.Mvc.Infrastructure.ClientErrorResultFilter (Order: -2000)
2023-07-20 10:32:55.3162|INFO|VEJuicios.Worker.Worker|Worker running at: 07/20/2023 10:32:55 -03:00
2023-07-20 10:32:55.3439|DEBUG|Microsoft.AspNetCore.Mvc.Infrastructure.ControllerActionInvoker|Executing controller factory for controller VEJuicios.Controllers.PdfControllers (VEJuicios)
2023-07-20 10:32:55.7743|DEBUG|Microsoft.EntityFrameworkCore.Infrastructure|An 'IServiceProvider' was created for internal use by Entity Framework.
2023-07-20 10:32:55.8679|DEBUG|Microsoft.AspNetCore.Mvc.Infrastructure.ControllerActionInvoker|Executed controller factory for controller VEJuicios.Controllers.PdfControllers (VEJuicios)
2023-07-20 10:32:55.9586|DEBUG|Microsoft.AspNetCore.Server.Kestrel|Connection id "0HMS94MRC5P57", Request id "0HMS94MRC5P57:00000001": started reading request body.
2023-07-20 10:32:56.0185|DEBUG|Microsoft.AspNetCore.Server.Kestrel|Connection id "0HMS94MRC5P57", Request id "0HMS94MRC5P57:00000001": done reading request body.
2023-07-20 10:32:56.1350|DEBUG|Microsoft.AspNetCore.Mvc.ModelBinding.ParameterBinder|Attempting to bind parameter 'myfile' of type 'Microsoft.AspNetCore.Http.IFormFile' ...
2023-07-20 10:32:56.2042|DEBUG|Microsoft.AspNetCore.Mvc.ModelBinding.Binders.FormFileModelBinder|Attempting to bind parameter 'myfile' of type 'Microsoft.AspNetCore.Http.IFormFile' using the name '' in request data ...
2023-07-20 10:32:56.2587|DEBUG|Microsoft.AspNetCore.Mvc.ModelBinding.Binders.FormFileModelBinder|No files found in the request to bind the model to.
2023-07-20 10:32:56.3120|DEBUG|Microsoft.AspNetCore.Mvc.ModelBinding.Binders.FormFileModelBinder|Done attempting to bind parameter 'myfile' of type 'Microsoft.AspNetCore.Http.IFormFile'.
2023-07-20 10:32:56.3643|DEBUG|Microsoft.AspNetCore.Mvc.ModelBinding.ParameterBinder|Done attempting to bind parameter 'myfile' of type 'Microsoft.AspNetCore.Http.IFormFile'.
2023-07-20 10:32:56.3782|INFO|VEJuicios.Worker.Worker|Worker running at: 07/20/2023 10:32:56 -03:00
2023-07-20 10:32:56.4161|DEBUG|Microsoft.AspNetCore.Mvc.ModelBinding.ParameterBinder|Attempting to validate the bound parameter 'myfile' of type 'Microsoft.AspNetCore.Http.IFormFile' ...
2023-07-20 10:32:56.5392|DEBUG|Microsoft.AspNetCore.Mvc.ModelBinding.ParameterBinder|Done attempting to validate the bound parameter 'myfile' of type 'Microsoft.AspNetCore.Http.IFormFile'.
2023-07-20 10:32:56.6056|DEBUG|Microsoft.AspNetCore.Mvc.ModelBinding.ParameterBinder|Attempting to bind parameter 'notificacionId' of type 'System.Int32' ...
2023-07-20 10:32:56.6649|DEBUG|Microsoft.AspNetCore.Mvc.ModelBinding.Binders.SimpleTypeModelBinder|Attempting to bind parameter 'notificacionId' of type 'System.Int32' using the name 'notificacionId' in request data ...
2023-07-20 10:32:56.7203|DEBUG|Microsoft.AspNetCore.Mvc.ModelBinding.Binders.SimpleTypeModelBinder|Done attempting to bind parameter 'notificacionId' of type 'System.Int32'.
2023-07-20 10:32:56.7736|DEBUG|Microsoft.AspNetCore.Mvc.ModelBinding.ParameterBinder|Done attempting to bind parameter 'notificacionId' of type 'System.Int32'.
2023-07-20 10:32:56.8249|DEBUG|Microsoft.AspNetCore.Mvc.ModelBinding.ParameterBinder|Attempting to validate the bound parameter 'notificacionId' of type 'System.Int32' ...
2023-07-20 10:32:56.8812|DEBUG|Microsoft.AspNetCore.Mvc.ModelBinding.ParameterBinder|Done attempting to validate the bound parameter 'notificacionId' of type 'System.Int32'.
2023-07-20 10:32:56.9330|DEBUG|Microsoft.AspNetCore.Mvc.ModelBinding.ParameterBinder|Attempting to bind parameter 'userId' of type 'System.Int32' ...
2023-07-20 10:32:56.9843|DEBUG|Microsoft.AspNetCore.Mvc.ModelBinding.Binders.SimpleTypeModelBinder|Attempting to bind parameter 'userId' of type 'System.Int32' using the name 'userId' in request data ...
2023-07-20 10:32:57.0366|DEBUG|Microsoft.AspNetCore.Mvc.ModelBinding.Binders.SimpleTypeModelBinder|Done attempting to bind parameter 'userId' of type 'System.Int32'.
2023-07-20 10:32:57.0899|DEBUG|Microsoft.AspNetCore.Mvc.ModelBinding.ParameterBinder|Done attempting to bind parameter 'userId' of type 'System.Int32'.
2023-07-20 10:32:57.1420|DEBUG|Microsoft.AspNetCore.Mvc.ModelBinding.ParameterBinder|Attempting to validate the bound parameter 'userId' of type 'System.Int32' ...
2023-07-20 10:32:57.1969|DEBUG|Microsoft.AspNetCore.Mvc.ModelBinding.ParameterBinder|Done attempting to validate the bound parameter 'userId' of type 'System.Int32'.
2023-07-20 10:33:20.3483|DEBUG|Quartz.Core.QuartzSchedulerThread|Batch acquisition of 0 triggers
2023-07-20 10:33:20.3848|INFO|VEJuicios.Worker.Worker|Worker running at: 07/20/2023 10:33:20 -03:00
2023-07-20 10:33:20.4093|DEBUG|Microsoft.AspNetCore.Mvc.Infrastructure.DefaultOutputFormatterSelector|List of registered output formatters, in the following order: Microsoft.AspNetCore.Mvc.Formatters.HttpNoContentOutputFormatter, Microsoft.AspNetCore.Mvc.Formatters.StringOutputFormatter, Microsoft.AspNetCore.Mvc.Formatters.StreamOutputFormatter, Microsoft.AspNetCore.Mvc.Formatters.SystemTextJsonOutputFormatter
2023-07-20 10:33:20.5191|DEBUG|Microsoft.AspNetCore.Mvc.Infrastructure.DefaultOutputFormatterSelector|No information found on request to perform content negotiation.
2023-07-20 10:33:20.5721|DEBUG|Microsoft.AspNetCore.Mvc.Infrastructure.DefaultOutputFormatterSelector|Attempting to select an output formatter without using a content type as no explicit content types were specified for the response.
2023-07-20 10:33:20.6236|DEBUG|Microsoft.AspNetCore.Mvc.Infrastructure.DefaultOutputFormatterSelector|Attempting to select the first formatter in the output formatters list which can write the result.
2023-07-20 10:33:20.6782|DEBUG|Microsoft.AspNetCore.Mvc.Infrastructure.DefaultOutputFormatterSelector|Selected output formatter 'Microsoft.AspNetCore.Mvc.Formatters.StringOutputFormatter' and content type 'text/plain' to write the response.
2023-07-20 10:33:20.7319|INFO|Microsoft.AspNetCore.Mvc.Infrastructure.ObjectResultExecutor|Executing BadRequestObjectResult, writing value of type 'System.String'.
2023-07-20 10:33:20.8055|INFO|Microsoft.AspNetCore.Mvc.Infrastructure.ControllerActionInvoker|Executed action VEJuicios.Controllers.PdfControllers.AniadirArchivoAdjuntoNotificacion (VEJuicios) in 25476.1017ms
2023-07-20 10:33:20.8572|INFO|Microsoft.AspNetCore.Routing.EndpointMiddleware|Executed endpoint 'VEJuicios.Controllers.PdfControllers.AniadirArchivoAdjuntoNotificacion (VEJuicios)'
2023-07-20 10:33:20.9165|INFO|Microsoft.AspNetCore.Hosting.Diagnostics|Request finished HTTP/2 POST https://localhost:5001/AniadirArchivoAdjunto?notificacionId=1&userId=10 multipart/form-data;+boundary=----WebKitFormBoundaryC4DyVXLadoH5AKBp 755 - 400 - text/plain;+charset=utf-8 26479.8251ms
2023-07-20 10:33:21.4677|INFO|VEJuicios.Worker.Worker|Worker running at: 07/20/2023 10:33:21 -03:00
2023-07-20 10:33:22.5454|INFO|VEJuicios.Worker.Worker|Worker running at: 07/20/2023 10:33:22 -03:00
2023-07-20 10:33:23.3453|DEBUG|Microsoft.AspNetCore.Server.Kestrel.Transport.Sockets|Connection id "0HMS94MRC5P57" received FIN.
2023-07-20 10:33:23.3959|DEBUG|Microsoft.AspNetCore.Server.Kestrel.Http2|Connection id "0HMS94MRC5P57" is closed. The last processed stream ID was 1.
2023-07-20 10:33:23.4477|DEBUG|Microsoft.AspNetCore.Server.Kestrel.Transport.Sockets|Connection id "0HMS94MRC5P57" sending FIN because: "The client closed the connection."
2023-07-20 10:33:23.5041|DEBUG|Microsoft.AspNetCore.Server.Kestrel.Connections|Connection id "0HMS94MRC5P57" stopped.
2023-07-20 10:33:23.6107|INFO|VEJuicios.Worker.Worker|Worker running at: 07/20/2023 10:33:23 -03:00
2023-07-20 10:33:24.6767|INFO|VEJuicios.Worker.Worker|Worker running at: 07/20/2023 10:33:24 -03:00
2023-07-20 10:33:25.7298|INFO|VEJuicios.Worker.Worker|Worker running at: 07/20/2023 10:33:25 -03:00
2023-07-20 10:33:27.1075|INFO|VEJuicios.Worker.Worker|Worker running at: 07/20/2023 10:33:27 -03:00
2023-07-20 10:33:28.1766|INFO|VEJuicios.Worker.Worker|Worker running at: 07/20/2023 10:33:28 -03:00
2023-07-20 10:33:29.2450|INFO|VEJuicios.Worker.Worker|Worker running at: 07/20/2023 10:33:29 -03:00
2023-07-20 10:33:30.3228|INFO|VEJuicios.Worker.Worker|Worker running at: 07/20/2023 10:33:30 -03:00
2023-07-20 10:33:31.4021|INFO|VEJuicios.Worker.Worker|Worker running at: 07/20/2023 10:33:31 -03:00
2023-07-20 10:33:32.4548|INFO|VEJuicios.Worker.Worker|Worker running at: 07/20/2023 10:33:32 -03:00
2023-07-20 10:33:33.5286|INFO|VEJuicios.Worker.Worker|Worker running at: 07/20/2023 10:33:33 -03:00
2023-07-20 10:33:34.5976|INFO|VEJuicios.Worker.Worker|Worker running at: 07/20/2023 10:33:34 -03:00
2023-07-20 10:33:35.6564|INFO|VEJuicios.Worker.Worker|Worker running at: 07/20/2023 10:33:35 -03:00
2023-07-20 10:33:36.7231|INFO|VEJuicios.Worker.Worker|Worker running at: 07/20/2023 10:33:36 -03:00
2023-07-20 10:33:37.7886|INFO|VEJuicios.Worker.Worker|Worker running at: 07/20/2023 10:33:37 -03:00
2023-07-20 10:33:38.8545|INFO|VEJuicios.Worker.Worker|Worker running at: 07/20/2023 10:33:38 -03:00
2023-07-20 10:33:39.9125|INFO|VEJuicios.Worker.Worker|Worker running at: 07/20/2023 10:33:39 -03:00
2023-07-20 10:33:40.9679|INFO|VEJuicios.Worker.Worker|Worker running at: 07/20/2023 10:33:40 -03:00
2023-07-20 10:33:42.0382|INFO|VEJuicios.Worker.Worker|Worker running at: 07/20/2023 10:33:42 -03:00
2023-07-20 10:33:43.0960|INFO|VEJuicios.Worker.Worker|Worker running at: 07/20/2023 10:33:43 -03:00
2023-07-20 10:33:44.1528|INFO|VEJuicios.Worker.Worker|Worker running at: 07/20/2023 10:33:44 -03:00
2023-07-20 10:33:45.2191|INFO|VEJuicios.Worker.Worker|Worker running at: 07/20/2023 10:33:45 -03:00
2023-07-20 10:33:46.2739|INFO|VEJuicios.Worker.Worker|Worker running at: 07/20/2023 10:33:46 -03:00
