2023-07-05 15:03:47.8566|DEBUG|Microsoft.Extensions.Hosting.Internal.Host|Hosting starting
2023-07-05 15:03:50.3519|INFO|Microsoft.AspNetCore.DataProtection.KeyManagement.XmlKeyManager|User profile is available. Using 'C:\Users\Manuel\AppData\Local\ASP.NET\DataProtection-Keys' as key repository and Windows DPAPI to encrypt keys at rest.
2023-07-05 15:03:50.8640|DEBUG|Quartz.Simpl.TaskSchedulingThreadPool|TaskSchedulingThreadPool configured with max concurrency of 10 and TaskScheduler ThreadPoolTaskScheduler.
2023-07-05 15:03:51.2092|INFO|Quartz.Core.SchedulerSignalerImpl|Initialized Scheduler Signaller of type: Quartz.Core.SchedulerSignalerImpl
2023-07-05 15:03:51.2759|INFO|Quartz.Core.QuartzScheduler|Quartz Scheduler created
2023-07-05 15:03:51.3490|INFO|Quartz.Core.QuartzScheduler|JobFactory set to: Quartz.Simpl.MicrosoftDependencyInjectionJobFactory
2023-07-05 15:03:51.4155|INFO|Quartz.Simpl.RAMJobStore|RAMJobStore initialized.
2023-07-05 15:03:51.4897|INFO|Quartz.Core.QuartzScheduler|Scheduler meta-data: Quartz Scheduler (v3.4.0.0) 'Notificaciones' with instanceId 'Scheduler-Notificacion'
  Scheduler class: 'Quartz.Core.QuartzScheduler' - running locally.
  NOT STARTED.
  Currently in standby mode.
  Number of jobs executed: 0
  Using thread pool 'Quartz.Simpl.DefaultThreadPool' - with 10 threads.
  Using job-store 'Quartz.Simpl.RAMJobStore' - which does not support persistence. and is not clustered.

2023-07-05 15:03:51.5540|INFO|Quartz.Impl.StdSchedulerFactory|Quartz scheduler 'Notificaciones' initialized
2023-07-05 15:03:51.6223|INFO|Quartz.Impl.StdSchedulerFactory|Quartz scheduler version: 3.4.0.0
2023-07-05 15:03:51.8806|INFO|Quartz.ContainerConfigurationProcessor|Adding 0 jobs, 0 triggers.
2023-07-05 15:03:51.9764|DEBUG|Microsoft.AspNetCore.DataProtection.Repositories.FileSystemXmlRepository|Reading data from file 'C:\Users\Manuel\AppData\Local\ASP.NET\DataProtection-Keys\key-2f7463d5-09f6-42b0-b038-897a699a3a01.xml'.
2023-07-05 15:03:52.1296|DEBUG|Microsoft.AspNetCore.DataProtection.Repositories.FileSystemXmlRepository|Reading data from file 'C:\Users\Manuel\AppData\Local\ASP.NET\DataProtection-Keys\key-8a172727-ab68-4caa-a957-f6dbc16963c2.xml'.
2023-07-05 15:03:52.2324|DEBUG|Microsoft.AspNetCore.DataProtection.Repositories.FileSystemXmlRepository|Reading data from file 'C:\Users\Manuel\AppData\Local\ASP.NET\DataProtection-Keys\key-8c634a91-ae70-4347-8421-cdb79c947157.xml'.
2023-07-05 15:03:52.3557|DEBUG|Microsoft.AspNetCore.DataProtection.KeyManagement.XmlKeyManager|Found key {2f7463d5-09f6-42b0-b038-897a699a3a01}.
2023-07-05 15:03:52.4342|DEBUG|Microsoft.AspNetCore.DataProtection.KeyManagement.XmlKeyManager|Found key {8a172727-ab68-4caa-a957-f6dbc16963c2}.
2023-07-05 15:03:52.4998|DEBUG|Microsoft.AspNetCore.DataProtection.KeyManagement.XmlKeyManager|Found key {8c634a91-ae70-4347-8421-cdb79c947157}.
2023-07-05 15:03:52.5876|DEBUG|Microsoft.AspNetCore.DataProtection.KeyManagement.DefaultKeyResolver|Considering key {8a172727-ab68-4caa-a957-f6dbc16963c2} with expiration date 2023-09-24 14:42:34Z as default key.
2023-07-05 15:03:52.6659|DEBUG|Microsoft.AspNetCore.DataProtection.TypeForwardingActivator|Forwarded activator type request from Microsoft.AspNetCore.DataProtection.XmlEncryption.DpapiXmlDecryptor, Microsoft.AspNetCore.DataProtection, Version=6.0.0.0, Culture=neutral, PublicKeyToken=adb9793829ddae60 to Microsoft.AspNetCore.DataProtection.XmlEncryption.DpapiXmlDecryptor, Microsoft.AspNetCore.DataProtection, Culture=neutral, PublicKeyToken=adb9793829ddae60
2023-07-05 15:03:52.7366|DEBUG|Microsoft.AspNetCore.DataProtection.XmlEncryption.DpapiXmlDecryptor|Decrypting secret element using Windows DPAPI.
2023-07-05 15:03:52.8164|DEBUG|Microsoft.AspNetCore.DataProtection.TypeForwardingActivator|Forwarded activator type request from Microsoft.AspNetCore.DataProtection.AuthenticatedEncryption.ConfigurationModel.AuthenticatedEncryptorDescriptorDeserializer, Microsoft.AspNetCore.DataProtection, Version=6.0.0.0, Culture=neutral, PublicKeyToken=adb9793829ddae60 to Microsoft.AspNetCore.DataProtection.AuthenticatedEncryption.ConfigurationModel.AuthenticatedEncryptorDescriptorDeserializer, Microsoft.AspNetCore.DataProtection, Culture=neutral, PublicKeyToken=adb9793829ddae60
2023-07-05 15:03:53.3441|DEBUG|Microsoft.AspNetCore.DataProtection.AuthenticatedEncryption.CngCbcAuthenticatedEncryptorFactory|Opening CNG algorithm 'AES' from provider '(null)' with chaining mode CBC.
2023-07-05 15:03:53.4183|DEBUG|Microsoft.AspNetCore.DataProtection.AuthenticatedEncryption.CngCbcAuthenticatedEncryptorFactory|Opening CNG algorithm 'SHA256' from provider '(null)' with HMAC.
2023-07-05 15:03:53.4943|DEBUG|Microsoft.AspNetCore.DataProtection.KeyManagement.KeyRingProvider|Using key {8a172727-ab68-4caa-a957-f6dbc16963c2} as the default key.
2023-07-05 15:03:53.5649|DEBUG|Microsoft.AspNetCore.DataProtection.Internal.DataProtectionHostedService|Key ring with default key {8a172727-ab68-4caa-a957-f6dbc16963c2} was loaded during application startup.
2023-07-05 15:03:56.5238|DEBUG|Microsoft.AspNetCore.Mvc.Razor.Compilation.DefaultViewCompiler|Initializing Razor view compiler with no compiled views.
2023-07-05 15:03:56.6209|DEBUG|Microsoft.AspNetCore.Mvc.ModelBinding.ModelBinderFactory|Registered model binder providers, in the following order: Microsoft.AspNetCore.Mvc.ModelBinding.Binders.BinderTypeModelBinderProvider, Microsoft.AspNetCore.Mvc.ModelBinding.Binders.ServicesModelBinderProvider, Microsoft.AspNetCore.Mvc.ModelBinding.Binders.BodyModelBinderProvider, Microsoft.AspNetCore.Mvc.ModelBinding.Binders.HeaderModelBinderProvider, Microsoft.AspNetCore.Mvc.ModelBinding.Binders.FloatingPointTypeModelBinderProvider, Microsoft.AspNetCore.Mvc.ModelBinding.Binders.EnumTypeModelBinderProvider, Microsoft.AspNetCore.Mvc.ModelBinding.Binders.DateTimeModelBinderProvider, Microsoft.AspNetCore.Mvc.ModelBinding.Binders.SimpleTypeModelBinderProvider, Microsoft.AspNetCore.Mvc.ModelBinding.Binders.CancellationTokenModelBinderProvider, Microsoft.AspNetCore.Mvc.ModelBinding.Binders.ByteArrayModelBinderProvider, Microsoft.AspNetCore.Mvc.ModelBinding.Binders.FormFileModelBinderProvider, Microsoft.AspNetCore.Mvc.ModelBinding.Binders.FormCollectionModelBinderProvider, Microsoft.AspNetCore.Mvc.ModelBinding.Binders.KeyValuePairModelBinderProvider, Microsoft.AspNetCore.Mvc.ModelBinding.Binders.DictionaryModelBinderProvider, Microsoft.AspNetCore.Mvc.ModelBinding.Binders.ArrayModelBinderProvider, Microsoft.AspNetCore.Mvc.ModelBinding.Binders.CollectionModelBinderProvider, Microsoft.AspNetCore.Mvc.ModelBinding.Binders.ComplexObjectModelBinderProvider
2023-07-05 15:03:59.0483|DEBUG|Microsoft.AspNetCore.Server.Kestrel.Core.KestrelServer|Using development certificate: CN=localhost (Thumbprint: 2A56E4850DEE069647BE910EF39C8C149FAF80EE)
2023-07-05 15:03:59.3015|INFO|Microsoft.Hosting.Lifetime|Now listening on: https://localhost:5001
2023-07-05 15:03:59.3675|INFO|Microsoft.Hosting.Lifetime|Now listening on: http://localhost:5000
2023-07-05 15:03:59.3829|DEBUG|Microsoft.AspNetCore.Server.Kestrel.Connections|Connection id "0HMRTG8QI02TE" accepted.
2023-07-05 15:03:59.4321|DEBUG|Microsoft.AspNetCore.Hosting.Diagnostics|Loaded hosting startup assembly VEJuicios
2023-07-05 15:03:59.4997|DEBUG|Microsoft.AspNetCore.Server.Kestrel.Connections|Connection id "0HMRTG8QI02TE" started.
2023-07-05 15:03:59.5613|DEBUG|Microsoft.AspNetCore.Hosting.Diagnostics|Loaded hosting startup assembly Microsoft.AspNetCore.Watch.BrowserRefresh
2023-07-05 15:03:59.6314|DEBUG|Microsoft.AspNetCore.Server.Kestrel.Connections|Connection id "0HMRTG8QI02TF" accepted.
2023-07-05 15:03:59.6961|DEBUG|Microsoft.AspNetCore.Hosting.Diagnostics|Loaded hosting startup assembly Microsoft.WebTools.BrowserLink.Net
2023-07-05 15:03:59.7605|DEBUG|Microsoft.AspNetCore.Server.Kestrel.Connections|Connection id "0HMRTG8QI02TF" started.
2023-07-05 15:03:59.8284|INFO|Microsoft.Hosting.Lifetime|Application started. Press Ctrl+C to shut down.
2023-07-05 15:03:59.8979|INFO|Quartz.Core.QuartzScheduler|Scheduler Notificaciones_$_Scheduler-Notificacion started.
2023-07-05 15:03:59.8979|DEBUG|Quartz.Core.QuartzSchedulerThread|Batch acquisition of 0 triggers
2023-07-05 15:03:59.9567|INFO|Microsoft.Hosting.Lifetime|Hosting environment: Development
2023-07-05 15:04:00.1616|INFO|Microsoft.Hosting.Lifetime|Content root path: C:\Users\Manuel\source\repos\ve-juicios\Main\Source\VEJuicios
2023-07-05 15:04:00.2253|DEBUG|Microsoft.Extensions.Hosting.Internal.Host|Hosting started
2023-07-05 15:04:03.1171|DEBUG|Microsoft.AspNetCore.Server.Kestrel.Connections|Connection id "0HMRTG8QI02TG" accepted.
2023-07-05 15:04:03.1836|DEBUG|Microsoft.AspNetCore.Server.Kestrel.Connections|Connection id "0HMRTG8QI02TG" started.
2023-07-05 15:04:03.1836|DEBUG|Microsoft.AspNetCore.Server.Kestrel.Connections|Connection id "0HMRTG8QI02TH" accepted.
2023-07-05 15:04:03.3103|DEBUG|Microsoft.AspNetCore.Server.Kestrel.Connections|Connection id "0HMRTG8QI02TH" started.
2023-07-05 15:04:03.9649|DEBUG|Microsoft.AspNetCore.Server.Kestrel.Transport.Sockets|Connection id "0HMRTG8QI02TG" received FIN.
2023-07-05 15:04:04.0401|DEBUG|Microsoft.AspNetCore.Server.Kestrel.Https.Internal.HttpsConnectionMiddleware|Connection 0HMRTG8QI02TG established using the following protocol: Tls12
2023-07-05 15:04:04.0401|DEBUG|Microsoft.AspNetCore.Server.Kestrel.Https.Internal.HttpsConnectionMiddleware|Connection 0HMRTG8QI02TH established using the following protocol: Tls12
2023-07-05 15:04:04.1648|DEBUG|Microsoft.AspNetCore.Server.Kestrel.Http2|Connection id "0HMRTG8QI02TG" is closed. The last processed stream ID was 0.
2023-07-05 15:04:04.2490|DEBUG|Microsoft.AspNetCore.Server.Kestrel.Transport.Sockets|Connection id "0HMRTG8QI02TG" sending FIN because: "The client closed the connection."
2023-07-05 15:04:04.3674|DEBUG|Microsoft.AspNetCore.Server.Kestrel.Connections|Connection id "0HMRTG8QI02TG" stopped.
2023-07-05 15:04:04.4010|INFO|Microsoft.AspNetCore.Hosting.Diagnostics|Request starting HTTP/2 GET https://localhost:5001/swagger/index.html - -
2023-07-05 15:04:04.6639|DEBUG|Microsoft.AspNetCore.HostFiltering.HostFilteringMiddleware|Wildcard detected, all requests with hosts will be allowed.
2023-07-05 15:04:04.7415|DEBUG|Microsoft.AspNetCore.StaticFiles.StaticFileMiddleware|The request path /swagger/index.html does not match an existing file
2023-07-05 15:04:04.8936|DEBUG|Microsoft.AspNetCore.Routing.Matching.DfaMatcher|No candidates found for the request path '/swagger/index.html'
2023-07-05 15:04:04.9637|DEBUG|Microsoft.AspNetCore.Routing.EndpointRoutingMiddleware|Request did not match any endpoints
2023-07-05 15:04:05.3631|DEBUG|Microsoft.AspNetCore.Watch.BrowserRefresh.BrowserRefreshMiddleware|Response markup is scheduled to include browser refresh script injection.
2023-07-05 15:04:06.1884|INFO|Microsoft.AspNetCore.Hosting.Diagnostics|Request starting HTTP/2 GET https://localhost:5001/_framework/aspnetcore-browser-refresh.js - -
2023-07-05 15:04:06.2069|DEBUG|Microsoft.AspNetCore.Watch.BrowserRefresh.BrowserRefreshMiddleware|Response markup was updated to include browser refresh script injection.
2023-07-05 15:04:06.2740|INFO|Microsoft.AspNetCore.Hosting.Diagnostics|Request finished HTTP/2 GET https://localhost:5001/_framework/aspnetcore-browser-refresh.js - - - 200 11988 application/javascript;+charset=utf-8 82.3056ms
2023-07-05 15:04:06.3231|INFO|Microsoft.AspNetCore.Hosting.Diagnostics|Request finished HTTP/2 GET https://localhost:5001/swagger/index.html - - - 200 - text/html;charset=utf-8 1933.4333ms
2023-07-05 15:04:06.6404|INFO|Microsoft.AspNetCore.Hosting.Diagnostics|Request starting HTTP/2 GET https://localhost:5001/_vs/browserLink - -
2023-07-05 15:04:08.1478|INFO|Microsoft.AspNetCore.Hosting.Diagnostics|Request finished HTTP/2 GET https://localhost:5001/_vs/browserLink - - - 200 - text/javascript;+charset=UTF-8 1507.3789ms
2023-07-05 15:04:08.7671|INFO|Microsoft.AspNetCore.Hosting.Diagnostics|Request starting HTTP/2 GET https://localhost:5001/swagger/v1/swagger.json - -
2023-07-05 15:04:08.8321|DEBUG|Microsoft.AspNetCore.StaticFiles.StaticFileMiddleware|The request path /swagger/v1/swagger.json does not match an existing file
2023-07-05 15:04:08.9028|DEBUG|Microsoft.AspNetCore.Routing.Matching.DfaMatcher|No candidates found for the request path '/swagger/v1/swagger.json'
2023-07-05 15:04:08.9663|DEBUG|Microsoft.AspNetCore.Routing.EndpointRoutingMiddleware|Request did not match any endpoints
2023-07-05 15:04:09.3357|INFO|Microsoft.AspNetCore.Hosting.Diagnostics|Request finished HTTP/2 GET https://localhost:5001/swagger/v1/swagger.json - - - 200 - application/json;charset=utf-8 568.7041ms
2023-07-05 15:04:09.7279|DEBUG|Microsoft.AspNetCore.Server.Kestrel.Https.Internal.HttpsConnectionMiddleware|Authentication of the HTTPS connection timed out.
2023-07-05 15:04:09.7961|DEBUG|Microsoft.AspNetCore.Server.Kestrel.Connections|Connection id "0HMRTG8QI02TE" stopped.
2023-07-05 15:04:09.8599|DEBUG|Microsoft.AspNetCore.Server.Kestrel.Transport.Sockets|Connection id "0HMRTG8QI02TE" sending FIN because: "The Socket transport's send loop completed gracefully."
2023-07-05 15:04:09.9066|DEBUG|Microsoft.AspNetCore.Server.Kestrel.Https.Internal.HttpsConnectionMiddleware|Authentication of the HTTPS connection timed out.
2023-07-05 15:04:09.9858|DEBUG|Microsoft.AspNetCore.Server.Kestrel.Connections|Connection id "0HMRTG8QI02TF" stopped.
2023-07-05 15:04:10.0499|DEBUG|Microsoft.AspNetCore.Server.Kestrel.Transport.Sockets|Connection id "0HMRTG8QI02TF" sending FIN because: "The Socket transport's send loop completed gracefully."
2023-07-05 15:04:14.3279|DEBUG|Microsoft.AspNetCore.Server.Kestrel.Transport.Sockets|Connection id "0HMRTG8QI02TH" received FIN.
2023-07-05 15:04:14.3912|DEBUG|Microsoft.AspNetCore.Server.Kestrel.Http2|Connection id "0HMRTG8QI02TH" is closed. The last processed stream ID was 7.
2023-07-05 15:04:14.4551|DEBUG|Microsoft.AspNetCore.Server.Kestrel.Transport.Sockets|Connection id "0HMRTG8QI02TH" sending FIN because: "The client closed the connection."
2023-07-05 15:04:14.5283|DEBUG|Microsoft.AspNetCore.Server.Kestrel.Connections|Connection id "0HMRTG8QI02TH" stopped.
2023-07-05 15:04:29.1168|DEBUG|Quartz.Core.QuartzSchedulerThread|Batch acquisition of 0 triggers
2023-07-05 15:04:56.5558|DEBUG|Quartz.Core.QuartzSchedulerThread|Batch acquisition of 0 triggers
2023-07-05 15:05:20.5128|DEBUG|Quartz.Core.QuartzSchedulerThread|Batch acquisition of 0 triggers
2023-07-05 15:05:43.6007|DEBUG|Quartz.Core.QuartzSchedulerThread|Batch acquisition of 0 triggers
2023-07-05 15:06:10.3258|DEBUG|Quartz.Core.QuartzSchedulerThread|Batch acquisition of 0 triggers
2023-07-05 15:06:33.4889|DEBUG|Quartz.Core.QuartzSchedulerThread|Batch acquisition of 0 triggers
2023-07-05 15:07:01.2835|DEBUG|Quartz.Core.QuartzSchedulerThread|Batch acquisition of 0 triggers
2023-07-05 15:07:30.1442|DEBUG|Quartz.Core.QuartzSchedulerThread|Batch acquisition of 0 triggers
2023-07-05 15:07:56.2314|DEBUG|Quartz.Core.QuartzSchedulerThread|Batch acquisition of 0 triggers
2023-07-05 15:08:24.6553|DEBUG|Quartz.Core.QuartzSchedulerThread|Batch acquisition of 0 triggers
2023-07-05 15:08:50.4027|DEBUG|Quartz.Core.QuartzSchedulerThread|Batch acquisition of 0 triggers
2023-07-05 15:08:50.5329|DEBUG|Microsoft.AspNetCore.Server.Kestrel.Connections|Connection id "0HMRTG8QI02TI" accepted.
2023-07-05 15:08:50.5969|DEBUG|Microsoft.AspNetCore.Server.Kestrel.Connections|Connection id "0HMRTG8QI02TI" started.
2023-07-05 15:08:50.7005|DEBUG|Microsoft.AspNetCore.Server.Kestrel.Https.Internal.HttpsConnectionMiddleware|Connection 0HMRTG8QI02TI established using the following protocol: Tls12
2023-07-05 15:08:50.7674|INFO|Microsoft.AspNetCore.Hosting.Diagnostics|Request starting HTTP/2 GET https://localhost:5001/DescargarPDF?notificacionId=1&popUpFecha=20-03-2023&CopiasSiNo=si - -
2023-07-05 15:08:50.8486|DEBUG|Microsoft.AspNetCore.StaticFiles.StaticFileMiddleware|The request path /DescargarPDF does not match a supported file type
2023-07-05 15:08:50.9337|DEBUG|Microsoft.AspNetCore.Routing.Matching.DfaMatcher|1 candidate(s) found for the request path '/DescargarPDF'
2023-07-05 15:08:51.0114|DEBUG|Microsoft.AspNetCore.Routing.Matching.DfaMatcher|Endpoint 'VEJuicios.Controllers.PdfControllers.GetPdfNotificacion (VEJuicios)' with route pattern 'DescargarPDF' is valid for the request path '/DescargarPDF'
2023-07-05 15:08:51.0817|DEBUG|Microsoft.AspNetCore.Routing.EndpointRoutingMiddleware|Request matched endpoint 'VEJuicios.Controllers.PdfControllers.GetPdfNotificacion (VEJuicios)'
2023-07-05 15:08:51.1558|INFO|Microsoft.AspNetCore.Routing.EndpointMiddleware|Executing endpoint 'VEJuicios.Controllers.PdfControllers.GetPdfNotificacion (VEJuicios)'
2023-07-05 15:08:51.3852|INFO|Microsoft.AspNetCore.Mvc.Infrastructure.ControllerActionInvoker|Route matched with {action = "GetPdfNotificacion", controller = "PdfControllers"}. Executing controller action with signature System.Threading.Tasks.Task`1[Microsoft.AspNetCore.Mvc.IActionResult] GetPdfNotificacion(Int32, System.String, System.String) on controller VEJuicios.Controllers.PdfControllers (VEJuicios).
2023-07-05 15:08:51.4512|DEBUG|Microsoft.AspNetCore.Mvc.Infrastructure.ControllerActionInvoker|Execution plan of authorization filters (in the following order): None
2023-07-05 15:08:51.5208|DEBUG|Microsoft.AspNetCore.Mvc.Infrastructure.ControllerActionInvoker|Execution plan of resource filters (in the following order): Microsoft.AspNetCore.Mvc.ViewFeatures.Filters.SaveTempDataFilter
2023-07-05 15:08:51.5964|DEBUG|Microsoft.AspNetCore.Mvc.Infrastructure.ControllerActionInvoker|Execution plan of action filters (in the following order): Microsoft.AspNetCore.Mvc.ModelBinding.UnsupportedContentTypeFilter (Order: -3000), Microsoft.AspNetCore.Mvc.Infrastructure.ModelStateInvalidFilter (Order: -2000)
2023-07-05 15:08:51.6663|DEBUG|Microsoft.AspNetCore.Mvc.Infrastructure.ControllerActionInvoker|Execution plan of exception filters (in the following order): None
2023-07-05 15:08:51.7340|DEBUG|Microsoft.AspNetCore.Mvc.Infrastructure.ControllerActionInvoker|Execution plan of result filters (in the following order): Microsoft.AspNetCore.Mvc.ViewFeatures.Filters.SaveTempDataFilter, Microsoft.AspNetCore.Mvc.Infrastructure.ClientErrorResultFilter (Order: -2000)
2023-07-05 15:08:51.8115|DEBUG|Microsoft.AspNetCore.Mvc.Infrastructure.ControllerActionInvoker|Executing controller factory for controller VEJuicios.Controllers.PdfControllers (VEJuicios)
2023-07-05 15:08:52.8112|DEBUG|Microsoft.EntityFrameworkCore.Infrastructure|An 'IServiceProvider' was created for internal use by Entity Framework.
2023-07-05 15:08:52.9534|DEBUG|Microsoft.AspNetCore.Mvc.Infrastructure.ControllerActionInvoker|Executed controller factory for controller VEJuicios.Controllers.PdfControllers (VEJuicios)
2023-07-05 15:08:53.2029|DEBUG|Microsoft.AspNetCore.Mvc.ModelBinding.ParameterBinder|Attempting to bind parameter 'notificacionId' of type 'System.Int32' ...
2023-07-05 15:08:53.2813|DEBUG|Microsoft.AspNetCore.Mvc.ModelBinding.Binders.SimpleTypeModelBinder|Attempting to bind parameter 'notificacionId' of type 'System.Int32' using the name 'notificacionId' in request data ...
2023-07-05 15:08:53.3478|DEBUG|Microsoft.AspNetCore.Mvc.ModelBinding.Binders.SimpleTypeModelBinder|Done attempting to bind parameter 'notificacionId' of type 'System.Int32'.
2023-07-05 15:08:53.4148|DEBUG|Microsoft.AspNetCore.Mvc.ModelBinding.ParameterBinder|Done attempting to bind parameter 'notificacionId' of type 'System.Int32'.
2023-07-05 15:08:53.4811|DEBUG|Microsoft.AspNetCore.Mvc.ModelBinding.ParameterBinder|Attempting to validate the bound parameter 'notificacionId' of type 'System.Int32' ...
2023-07-05 15:08:53.5486|DEBUG|Microsoft.AspNetCore.Mvc.ModelBinding.ParameterBinder|Done attempting to validate the bound parameter 'notificacionId' of type 'System.Int32'.
2023-07-05 15:08:53.6137|DEBUG|Microsoft.AspNetCore.Mvc.ModelBinding.ParameterBinder|Attempting to bind parameter 'popUpFecha' of type 'System.String' ...
2023-07-05 15:08:53.6811|DEBUG|Microsoft.AspNetCore.Mvc.ModelBinding.Binders.SimpleTypeModelBinder|Attempting to bind parameter 'popUpFecha' of type 'System.String' using the name 'popUpFecha' in request data ...
2023-07-05 15:08:53.7460|DEBUG|Microsoft.AspNetCore.Mvc.ModelBinding.Binders.SimpleTypeModelBinder|Done attempting to bind parameter 'popUpFecha' of type 'System.String'.
2023-07-05 15:08:53.8144|DEBUG|Microsoft.AspNetCore.Mvc.ModelBinding.ParameterBinder|Done attempting to bind parameter 'popUpFecha' of type 'System.String'.
2023-07-05 15:08:53.8778|DEBUG|Microsoft.AspNetCore.Mvc.ModelBinding.ParameterBinder|Attempting to validate the bound parameter 'popUpFecha' of type 'System.String' ...
2023-07-05 15:08:53.9468|DEBUG|Microsoft.AspNetCore.Mvc.ModelBinding.ParameterBinder|Done attempting to validate the bound parameter 'popUpFecha' of type 'System.String'.
2023-07-05 15:08:54.0097|DEBUG|Microsoft.AspNetCore.Mvc.ModelBinding.ParameterBinder|Attempting to bind parameter 'CopiasSiNo' of type 'System.String' ...
2023-07-05 15:08:54.0744|DEBUG|Microsoft.AspNetCore.Mvc.ModelBinding.Binders.SimpleTypeModelBinder|Attempting to bind parameter 'CopiasSiNo' of type 'System.String' using the name 'CopiasSiNo' in request data ...
2023-07-05 15:08:54.1388|DEBUG|Microsoft.AspNetCore.Mvc.ModelBinding.Binders.SimpleTypeModelBinder|Done attempting to bind parameter 'CopiasSiNo' of type 'System.String'.
2023-07-05 15:08:54.2017|DEBUG|Microsoft.AspNetCore.Mvc.ModelBinding.ParameterBinder|Done attempting to bind parameter 'CopiasSiNo' of type 'System.String'.
2023-07-05 15:08:54.2696|DEBUG|Microsoft.AspNetCore.Mvc.ModelBinding.ParameterBinder|Attempting to validate the bound parameter 'CopiasSiNo' of type 'System.String' ...
2023-07-05 15:08:54.3379|DEBUG|Microsoft.AspNetCore.Mvc.ModelBinding.ParameterBinder|Done attempting to validate the bound parameter 'CopiasSiNo' of type 'System.String'.
2023-07-05 15:08:56.2260|WARN|Microsoft.EntityFrameworkCore.Model.Validation|Sensitive data logging is enabled. Log entries and exception messages may include sensitive application data; this mode should only be enabled during development.
2023-07-05 15:08:56.5175|WARN|Microsoft.EntityFrameworkCore.Model.Validation|No store type was specified for the decimal property 'NotificacionId' on entity type 'Notificacion'. This will cause values to be silently truncated if they do not fit in the default precision and scale. Explicitly specify the SQL server column type that can accommodate all the values in 'OnModelCreating' using 'HasColumnType', specify precision and scale using 'HasPrecision', or configure a value converter using 'HasConversion'.
2023-07-05 15:08:56.5848|WARN|Microsoft.EntityFrameworkCore.Model.Validation|The decimal property 'NotificacionId' is part of a key on entity type 'Notificacion'. If the configured precision and scale don't match the column type in the database, this will cause values to be silently truncated if they do not fit in the default precision and scale. Consider using a different property as the key, or make sure that the database column type matches the model configuration and enable decimal rounding warnings using 'SET NUMERIC_ROUNDABORT ON'.
2023-07-05 15:08:56.6494|WARN|Microsoft.EntityFrameworkCore.Model.Validation|No store type was specified for the decimal property 'CasoId' on entity type 'Notificacion'. This will cause values to be silently truncated if they do not fit in the default precision and scale. Explicitly specify the SQL server column type that can accommodate all the values in 'OnModelCreating' using 'HasColumnType', specify precision and scale using 'HasPrecision', or configure a value converter using 'HasConversion'.
2023-07-05 15:08:56.7187|WARN|Microsoft.EntityFrameworkCore.Model.Validation|No store type was specified for the decimal property 'MetodoEnvioId' on entity type 'Notificacion'. This will cause values to be silently truncated if they do not fit in the default precision and scale. Explicitly specify the SQL server column type that can accommodate all the values in 'OnModelCreating' using 'HasColumnType', specify precision and scale using 'HasPrecision', or configure a value converter using 'HasConversion'.
2023-07-05 15:08:56.7849|WARN|Microsoft.EntityFrameworkCore.Model.Validation|No store type was specified for the decimal property 'TipoNotificacionId' on entity type 'Notificacion'. This will cause values to be silently truncated if they do not fit in the default precision and scale. Explicitly specify the SQL server column type that can accommodate all the values in 'OnModelCreating' using 'HasColumnType', specify precision and scale using 'HasPrecision', or configure a value converter using 'HasConversion'.
2023-07-05 15:08:56.8486|WARN|Microsoft.EntityFrameworkCore.Model.Validation|No store type was specified for the decimal property 'UsuarioInsertId' on entity type 'Notificacion'. This will cause values to be silently truncated if they do not fit in the default precision and scale. Explicitly specify the SQL server column type that can accommodate all the values in 'OnModelCreating' using 'HasColumnType', specify precision and scale using 'HasPrecision', or configure a value converter using 'HasConversion'.
2023-07-05 15:08:56.9285|WARN|Microsoft.EntityFrameworkCore.Model.Validation|No store type was specified for the decimal property 'UsuarioUpdateId' on entity type 'Notificacion'. This will cause values to be silently truncated if they do not fit in the default precision and scale. Explicitly specify the SQL server column type that can accommodate all the values in 'OnModelCreating' using 'HasColumnType', specify precision and scale using 'HasPrecision', or configure a value converter using 'HasConversion'.
2023-07-05 15:08:56.9943|WARN|Microsoft.EntityFrameworkCore.Model.Validation|No store type was specified for the decimal property 'NotificacionId' on entity type 'VistaNotificacionPDF'. This will cause values to be silently truncated if they do not fit in the default precision and scale. Explicitly specify the SQL server column type that can accommodate all the values in 'OnModelCreating' using 'HasColumnType', specify precision and scale using 'HasPrecision', or configure a value converter using 'HasConversion'.
2023-07-05 15:08:57.0578|WARN|Microsoft.EntityFrameworkCore.Model.Validation|The decimal property 'NotificacionId' is part of a key on entity type 'VistaNotificacionPDF'. If the configured precision and scale don't match the column type in the database, this will cause values to be silently truncated if they do not fit in the default precision and scale. Consider using a different property as the key, or make sure that the database column type matches the model configuration and enable decimal rounding warnings using 'SET NUMERIC_ROUNDABORT ON'.
2023-07-05 15:08:57.7257|DEBUG|Microsoft.EntityFrameworkCore.Infrastructure|Entity Framework Core 7.0.8 initialized 'SQLServerContext' using provider 'Microsoft.EntityFrameworkCore.SqlServer:7.0.8' with options: SensitiveDataLoggingEnabled 
2023-07-05 15:08:58.0275|DEBUG|Microsoft.EntityFrameworkCore.Query|Compiling query expression: 
'DbSet<VistaNotificacionPDF>()
    .FirstOrDefault(x => x.NotificacionId.Equals(__p_0))'
2023-07-05 15:08:59.3025|DEBUG|Microsoft.EntityFrameworkCore.Query|Generated query execution expression: 
'queryContext => new SingleQueryingEnumerable<VistaNotificacionPDF>(
    (RelationalQueryContext)queryContext, 
    RelationalCommandCache.QueryExpression(
        Projection Mapping:
            EmptyProjectionMember -> Dictionary<IProperty, int> { [Property: VistaNotificacionPDF.NotificacionId (decimal) Required PK AfterSave:Throw, 0], [Property: VistaNotificacionPDF.AbogadoEmail (string), 1], [Property: VistaNotificacionPDF.AbogadoFolio (string), 2], [Property: VistaNotificacionPDF.AbogadoNombre (string), 3], [Property: VistaNotificacionPDF.AbogadoTelefono (string), 4], [Property: VistaNotificacionPDF.AbogadoTomo (string), 5], [Property: VistaNotificacionPDF.CasoAutos (string), 6], [Property: VistaNotificacionPDF.CasoExpedienteJudicial (string), 7], [Property: VistaNotificacionPDF.CasoFechaSentencia (DateTime?), 8], [Property: VistaNotificacionPDF.FueroDescripcion (string), 9], [Property: VistaNotificacionPDF.JurisdiccionDescripcion (string), 10], [Property: VistaNotificacionPDF.JuzgadoDescripcion (string), 11], [Property: VistaNotificacionPDF.JuzgadoDireccion (string), 12], [Property: VistaNotificacionPDF.JuzgadoJuez (string), 13], [Property: VistaNotificacionPDF.ParteDireccion (string), 14], [Property: VistaNotificacionPDF.PersonaNombre (string), 15], [Property: VistaNotificacionPDF.SecretariaDescripcion (string), 16], [Property: VistaNotificacionPDF.TipoNotificacionCodigo (string), 17] }
        SELECT TOP(1) v.NotificacionId, v.AbogadoEmail, v.AbogadoFolio, v.AbogadoNombre, v.AbogadoTelefono, v.AbogadoTomo, v.CasoAutos, v.CasoExpedienteJudicial, v.CasoFechaSentencia, v.FueroDescripcion, v.JurisdiccionDescripcion, v.JuzgadoDescripcion, v.JuzgadoDireccion, v.JuzgadoJuez, v.ParteDireccion, v.PersonaNombre, v.SecretariaDescripcion, v.TipoNotificacionCodigo
        FROM vNotificacionPDF AS v
        WHERE v.NotificacionId == @__p_0), 
    null, 
    Func<QueryContext, DbDataReader, ResultContext, SingleQueryResultCoordinator, VistaNotificacionPDF>, 
    VEJuicios.Infrastructure.SQLServerContext, 
    False, 
    False, 
    True
)
    .SingleOrDefault()'
2023-07-05 15:08:59.4716|DEBUG|Microsoft.EntityFrameworkCore.Database.Command|Creating DbCommand for 'ExecuteReader'.
2023-07-05 15:08:59.5421|DEBUG|Microsoft.EntityFrameworkCore.Database.Connection|Creating DbConnection.
2023-07-05 15:08:59.7133|DEBUG|Microsoft.EntityFrameworkCore.Database.Connection|Created DbConnection. (165ms).
2023-07-05 15:08:59.8147|DEBUG|Microsoft.EntityFrameworkCore.Database.Command|Created DbCommand for 'ExecuteReader' (345ms).
2023-07-05 15:08:59.9075|DEBUG|Microsoft.EntityFrameworkCore.Database.Command|Initialized DbCommand for 'ExecuteReader' (438ms).
2023-07-05 15:08:59.9816|DEBUG|Microsoft.EntityFrameworkCore.Database.Connection|Opening connection to database 'JuiciosNotificacionesUTN' on server 'S1-DIXX-SQL21'.
2023-07-05 15:09:01.8615|DEBUG|Microsoft.EntityFrameworkCore.Database.Connection|Opened connection to database 'JuiciosNotificacionesUTN' on server 'S1-DIXX-SQL21'.
2023-07-05 15:09:01.9696|DEBUG|Microsoft.EntityFrameworkCore.Database.Command|Executing DbCommand [Parameters=[@__p_0='1' (Precision = 18) (Scale = 2)], CommandType='Text', CommandTimeout='30']
SELECT TOP(1) [v].[NotificacionId], [v].[AbogadoEmail], [v].[AbogadoFolio], [v].[AbogadoNombre], [v].[AbogadoTelefono], [v].[AbogadoTomo], [v].[CasoAutos], [v].[CasoExpedienteJudicial], [v].[CasoFechaSentencia], [v].[FueroDescripcion], [v].[JurisdiccionDescripcion], [v].[JuzgadoDescripcion], [v].[JuzgadoDireccion], [v].[JuzgadoJuez], [v].[ParteDireccion], [v].[PersonaNombre], [v].[SecretariaDescripcion], [v].[TipoNotificacionCodigo]
FROM [vNotificacionPDF] AS [v]
WHERE [v].[NotificacionId] = @__p_0
2023-07-05 15:09:02.9870|INFO|Microsoft.EntityFrameworkCore.Database.Command|Executed DbCommand (1,026ms) [Parameters=[@__p_0='1' (Precision = 18) (Scale = 2)], CommandType='Text', CommandTimeout='30']
SELECT TOP(1) [v].[NotificacionId], [v].[AbogadoEmail], [v].[AbogadoFolio], [v].[AbogadoNombre], [v].[AbogadoTelefono], [v].[AbogadoTomo], [v].[CasoAutos], [v].[CasoExpedienteJudicial], [v].[CasoFechaSentencia], [v].[FueroDescripcion], [v].[JurisdiccionDescripcion], [v].[JuzgadoDescripcion], [v].[JuzgadoDireccion], [v].[JuzgadoJuez], [v].[ParteDireccion], [v].[PersonaNombre], [v].[SecretariaDescripcion], [v].[TipoNotificacionCodigo]
FROM [vNotificacionPDF] AS [v]
WHERE [v].[NotificacionId] = @__p_0
2023-07-05 15:09:03.2445|DEBUG|Microsoft.EntityFrameworkCore.ChangeTracking|Context 'SQLServerContext' started tracking 'VistaNotificacionPDF' entity with key '{NotificacionId: 1}'.
2023-07-05 15:09:03.4051|DEBUG|Microsoft.EntityFrameworkCore.Database.Command|Closing data reader to 'JuiciosNotificacionesUTN' on server 'S1-DIXX-SQL21'.
2023-07-05 15:09:03.5042|DEBUG|Microsoft.EntityFrameworkCore.Database.Command|A data reader for 'JuiciosNotificacionesUTN' on server 'S1-DIXX-SQL21' is being disposed after spending 431ms reading results.
2023-07-05 15:09:03.5813|DEBUG|Microsoft.EntityFrameworkCore.Database.Connection|Closing connection to database 'JuiciosNotificacionesUTN' on server 'S1-DIXX-SQL21'.
2023-07-05 15:09:03.6827|DEBUG|Microsoft.EntityFrameworkCore.Database.Connection|Closed connection to database 'JuiciosNotificacionesUTN' on server 'S1-DIXX-SQL21' (102ms).
2023-07-05 15:09:04.9639|DEBUG|Microsoft.AspNetCore.Mvc.Infrastructure.DefaultOutputFormatterSelector|List of registered output formatters, in the following order: Microsoft.AspNetCore.Mvc.Formatters.HttpNoContentOutputFormatter, Microsoft.AspNetCore.Mvc.Formatters.StringOutputFormatter, Microsoft.AspNetCore.Mvc.Formatters.StreamOutputFormatter, Microsoft.AspNetCore.Mvc.Formatters.SystemTextJsonOutputFormatter
2023-07-05 15:09:05.0413|DEBUG|Microsoft.AspNetCore.Mvc.Infrastructure.DefaultOutputFormatterSelector|No information found on request to perform content negotiation.
2023-07-05 15:09:05.1058|DEBUG|Microsoft.AspNetCore.Mvc.Infrastructure.DefaultOutputFormatterSelector|Attempting to select an output formatter without using a content type as no explicit content types were specified for the response.
2023-07-05 15:09:05.1773|DEBUG|Microsoft.AspNetCore.Mvc.Infrastructure.DefaultOutputFormatterSelector|Attempting to select the first formatter in the output formatters list which can write the result.
2023-07-05 15:09:05.2466|DEBUG|Microsoft.AspNetCore.Mvc.Infrastructure.DefaultOutputFormatterSelector|Selected output formatter 'Microsoft.AspNetCore.Mvc.Formatters.StringOutputFormatter' and content type 'text/plain' to write the response.
2023-07-05 15:09:05.3145|INFO|Microsoft.AspNetCore.Mvc.Infrastructure.ObjectResultExecutor|Executing NotFoundObjectResult, writing value of type 'System.String'.
2023-07-05 15:09:05.3907|INFO|Microsoft.AspNetCore.Mvc.Infrastructure.ControllerActionInvoker|Executed action VEJuicios.Controllers.PdfControllers.GetPdfNotificacion (VEJuicios) in 13579.22ms
2023-07-05 15:09:05.4690|INFO|Microsoft.AspNetCore.Routing.EndpointMiddleware|Executed endpoint 'VEJuicios.Controllers.PdfControllers.GetPdfNotificacion (VEJuicios)'
2023-07-05 15:09:05.5476|DEBUG|Microsoft.EntityFrameworkCore.Infrastructure|'SQLServerContext' disposed.
2023-07-05 15:09:05.6341|DEBUG|Microsoft.EntityFrameworkCore.Database.Connection|Disposing connection to database 'JuiciosNotificacionesUTN' on server 'S1-DIXX-SQL21'.
2023-07-05 15:09:05.7059|DEBUG|Microsoft.EntityFrameworkCore.Database.Connection|Disposed connection to database '' on server '' (70ms).
2023-07-05 15:09:05.7702|INFO|Microsoft.AspNetCore.Hosting.Diagnostics|Request finished HTTP/2 GET https://localhost:5001/DescargarPDF?notificacionId=1&popUpFecha=20-03-2023&CopiasSiNo=si - - - 404 - text/plain;+charset=utf-8 15002.8090ms
2023-07-05 15:09:09.5689|DEBUG|Microsoft.AspNetCore.Server.Kestrel.Transport.Sockets|Connection id "0HMRTG8QI02TI" received FIN.
2023-07-05 15:09:09.6476|DEBUG|Microsoft.AspNetCore.Server.Kestrel.Http2|Connection id "0HMRTG8QI02TI" is closed. The last processed stream ID was 1.
2023-07-05 15:09:09.7151|DEBUG|Microsoft.AspNetCore.Server.Kestrel.Transport.Sockets|Connection id "0HMRTG8QI02TI" sending FIN because: "The client closed the connection."
2023-07-05 15:09:09.7934|DEBUG|Microsoft.AspNetCore.Server.Kestrel.Connections|Connection id "0HMRTG8QI02TI" stopped.
2023-07-05 15:09:19.6996|DEBUG|Quartz.Core.QuartzSchedulerThread|Batch acquisition of 0 triggers
2023-07-05 16:13:29.4927|DEBUG|Microsoft.Extensions.Hosting.Internal.Host|Hosting starting
2023-07-05 16:13:31.5644|INFO|Microsoft.AspNetCore.DataProtection.KeyManagement.XmlKeyManager|User profile is available. Using 'C:\Users\Manuel\AppData\Local\ASP.NET\DataProtection-Keys' as key repository and Windows DPAPI to encrypt keys at rest.
2023-07-05 16:13:31.9234|DEBUG|Quartz.Simpl.TaskSchedulingThreadPool|TaskSchedulingThreadPool configured with max concurrency of 10 and TaskScheduler ThreadPoolTaskScheduler.
2023-07-05 16:13:32.0406|INFO|Quartz.Core.SchedulerSignalerImpl|Initialized Scheduler Signaller of type: Quartz.Core.SchedulerSignalerImpl
2023-07-05 16:13:32.1056|INFO|Quartz.Core.QuartzScheduler|Quartz Scheduler created
2023-07-05 16:13:32.1708|INFO|Quartz.Core.QuartzScheduler|JobFactory set to: Quartz.Simpl.MicrosoftDependencyInjectionJobFactory
2023-07-05 16:13:32.2366|INFO|Quartz.Simpl.RAMJobStore|RAMJobStore initialized.
2023-07-05 16:13:32.3085|INFO|Quartz.Core.QuartzScheduler|Scheduler meta-data: Quartz Scheduler (v3.4.0.0) 'Notificaciones' with instanceId 'Scheduler-Notificacion'
  Scheduler class: 'Quartz.Core.QuartzScheduler' - running locally.
  NOT STARTED.
  Currently in standby mode.
  Number of jobs executed: 0
  Using thread pool 'Quartz.Simpl.DefaultThreadPool' - with 10 threads.
  Using job-store 'Quartz.Simpl.RAMJobStore' - which does not support persistence. and is not clustered.

2023-07-05 16:13:32.3738|INFO|Quartz.Impl.StdSchedulerFactory|Quartz scheduler 'Notificaciones' initialized
2023-07-05 16:13:32.4381|INFO|Quartz.Impl.StdSchedulerFactory|Quartz scheduler version: 3.4.0.0
2023-07-05 16:13:32.6041|INFO|Quartz.ContainerConfigurationProcessor|Adding 0 jobs, 0 triggers.
2023-07-05 16:13:32.7029|DEBUG|Microsoft.AspNetCore.DataProtection.Repositories.FileSystemXmlRepository|Reading data from file 'C:\Users\Manuel\AppData\Local\ASP.NET\DataProtection-Keys\key-2f7463d5-09f6-42b0-b038-897a699a3a01.xml'.
2023-07-05 16:13:32.8948|DEBUG|Microsoft.AspNetCore.DataProtection.Repositories.FileSystemXmlRepository|Reading data from file 'C:\Users\Manuel\AppData\Local\ASP.NET\DataProtection-Keys\key-8a172727-ab68-4caa-a957-f6dbc16963c2.xml'.
2023-07-05 16:13:32.9981|DEBUG|Microsoft.AspNetCore.DataProtection.Repositories.FileSystemXmlRepository|Reading data from file 'C:\Users\Manuel\AppData\Local\ASP.NET\DataProtection-Keys\key-8c634a91-ae70-4347-8421-cdb79c947157.xml'.
2023-07-05 16:13:33.1097|DEBUG|Microsoft.AspNetCore.DataProtection.KeyManagement.XmlKeyManager|Found key {2f7463d5-09f6-42b0-b038-897a699a3a01}.
2023-07-05 16:13:33.1853|DEBUG|Microsoft.AspNetCore.DataProtection.KeyManagement.XmlKeyManager|Found key {8a172727-ab68-4caa-a957-f6dbc16963c2}.
2023-07-05 16:13:33.2493|DEBUG|Microsoft.AspNetCore.DataProtection.KeyManagement.XmlKeyManager|Found key {8c634a91-ae70-4347-8421-cdb79c947157}.
2023-07-05 16:13:33.3371|DEBUG|Microsoft.AspNetCore.DataProtection.KeyManagement.DefaultKeyResolver|Considering key {8a172727-ab68-4caa-a957-f6dbc16963c2} with expiration date 2023-09-24 14:42:34Z as default key.
2023-07-05 16:13:33.4110|DEBUG|Microsoft.AspNetCore.DataProtection.TypeForwardingActivator|Forwarded activator type request from Microsoft.AspNetCore.DataProtection.XmlEncryption.DpapiXmlDecryptor, Microsoft.AspNetCore.DataProtection, Version=6.0.0.0, Culture=neutral, PublicKeyToken=adb9793829ddae60 to Microsoft.AspNetCore.DataProtection.XmlEncryption.DpapiXmlDecryptor, Microsoft.AspNetCore.DataProtection, Culture=neutral, PublicKeyToken=adb9793829ddae60
2023-07-05 16:13:33.4851|DEBUG|Microsoft.AspNetCore.DataProtection.XmlEncryption.DpapiXmlDecryptor|Decrypting secret element using Windows DPAPI.
2023-07-05 16:13:33.5519|DEBUG|Microsoft.AspNetCore.DataProtection.TypeForwardingActivator|Forwarded activator type request from Microsoft.AspNetCore.DataProtection.AuthenticatedEncryption.ConfigurationModel.AuthenticatedEncryptorDescriptorDeserializer, Microsoft.AspNetCore.DataProtection, Version=6.0.0.0, Culture=neutral, PublicKeyToken=adb9793829ddae60 to Microsoft.AspNetCore.DataProtection.AuthenticatedEncryption.ConfigurationModel.AuthenticatedEncryptorDescriptorDeserializer, Microsoft.AspNetCore.DataProtection, Culture=neutral, PublicKeyToken=adb9793829ddae60
2023-07-05 16:13:34.0784|DEBUG|Microsoft.AspNetCore.DataProtection.AuthenticatedEncryption.CngCbcAuthenticatedEncryptorFactory|Opening CNG algorithm 'AES' from provider '(null)' with chaining mode CBC.
2023-07-05 16:13:34.1571|DEBUG|Microsoft.AspNetCore.DataProtection.AuthenticatedEncryption.CngCbcAuthenticatedEncryptorFactory|Opening CNG algorithm 'SHA256' from provider '(null)' with HMAC.
2023-07-05 16:13:34.2350|DEBUG|Microsoft.AspNetCore.DataProtection.KeyManagement.KeyRingProvider|Using key {8a172727-ab68-4caa-a957-f6dbc16963c2} as the default key.
2023-07-05 16:13:34.3105|DEBUG|Microsoft.AspNetCore.DataProtection.Internal.DataProtectionHostedService|Key ring with default key {8a172727-ab68-4caa-a957-f6dbc16963c2} was loaded during application startup.
2023-07-05 16:13:36.2887|DEBUG|Microsoft.AspNetCore.Mvc.Razor.Compilation.DefaultViewCompiler|Initializing Razor view compiler with no compiled views.
2023-07-05 16:13:36.4032|DEBUG|Microsoft.AspNetCore.Mvc.ModelBinding.ModelBinderFactory|Registered model binder providers, in the following order: Microsoft.AspNetCore.Mvc.ModelBinding.Binders.BinderTypeModelBinderProvider, Microsoft.AspNetCore.Mvc.ModelBinding.Binders.ServicesModelBinderProvider, Microsoft.AspNetCore.Mvc.ModelBinding.Binders.BodyModelBinderProvider, Microsoft.AspNetCore.Mvc.ModelBinding.Binders.HeaderModelBinderProvider, Microsoft.AspNetCore.Mvc.ModelBinding.Binders.FloatingPointTypeModelBinderProvider, Microsoft.AspNetCore.Mvc.ModelBinding.Binders.EnumTypeModelBinderProvider, Microsoft.AspNetCore.Mvc.ModelBinding.Binders.DateTimeModelBinderProvider, Microsoft.AspNetCore.Mvc.ModelBinding.Binders.SimpleTypeModelBinderProvider, Microsoft.AspNetCore.Mvc.ModelBinding.Binders.CancellationTokenModelBinderProvider, Microsoft.AspNetCore.Mvc.ModelBinding.Binders.ByteArrayModelBinderProvider, Microsoft.AspNetCore.Mvc.ModelBinding.Binders.FormFileModelBinderProvider, Microsoft.AspNetCore.Mvc.ModelBinding.Binders.FormCollectionModelBinderProvider, Microsoft.AspNetCore.Mvc.ModelBinding.Binders.KeyValuePairModelBinderProvider, Microsoft.AspNetCore.Mvc.ModelBinding.Binders.DictionaryModelBinderProvider, Microsoft.AspNetCore.Mvc.ModelBinding.Binders.ArrayModelBinderProvider, Microsoft.AspNetCore.Mvc.ModelBinding.Binders.CollectionModelBinderProvider, Microsoft.AspNetCore.Mvc.ModelBinding.Binders.ComplexObjectModelBinderProvider
2023-07-05 16:13:37.2496|DEBUG|Microsoft.AspNetCore.Server.Kestrel.Core.KestrelServer|Using development certificate: CN=localhost (Thumbprint: 2A56E4850DEE069647BE910EF39C8C149FAF80EE)
2023-07-05 16:13:37.5274|INFO|Microsoft.Hosting.Lifetime|Now listening on: https://localhost:5001
2023-07-05 16:13:37.5916|INFO|Microsoft.Hosting.Lifetime|Now listening on: http://localhost:5000
2023-07-05 16:13:37.6564|DEBUG|Microsoft.AspNetCore.Hosting.Diagnostics|Loaded hosting startup assembly VEJuicios
2023-07-05 16:13:37.7209|DEBUG|Microsoft.AspNetCore.Hosting.Diagnostics|Loaded hosting startup assembly Microsoft.AspNetCore.Watch.BrowserRefresh
2023-07-05 16:13:37.7394|DEBUG|Microsoft.AspNetCore.Server.Kestrel.Connections|Connection id "0HMRTHFNQ0LBV" accepted.
2023-07-05 16:13:37.7394|DEBUG|Microsoft.AspNetCore.Server.Kestrel.Transport.Sockets|Connection id "0HMRTHFNQ0LBV" received FIN.
2023-07-05 16:13:37.7842|DEBUG|Microsoft.AspNetCore.Hosting.Diagnostics|Loaded hosting startup assembly Microsoft.WebTools.BrowserLink.Net
2023-07-05 16:13:37.8561|DEBUG|Microsoft.AspNetCore.Server.Kestrel.Connections|Connection id "0HMRTHFNQ0LBV" started.
2023-07-05 16:13:37.9809|INFO|Microsoft.Hosting.Lifetime|Application started. Press Ctrl+C to shut down.
2023-07-05 16:13:38.0782|INFO|Quartz.Core.QuartzScheduler|Scheduler Notificaciones_$_Scheduler-Notificacion started.
2023-07-05 16:13:38.1170|INFO|Microsoft.Hosting.Lifetime|Hosting environment: Development
2023-07-05 16:13:38.1260|DEBUG|Quartz.Core.QuartzSchedulerThread|Batch acquisition of 0 triggers
2023-07-05 16:13:38.1985|DEBUG|Microsoft.AspNetCore.Server.Kestrel.Https.Internal.HttpsConnectionMiddleware|Failed to authenticate HTTPS connection.|System.IO.IOException:  Received an unexpected EOF or 0 bytes from the transport stream.
   at System.Net.Security.SslStream.ReceiveBlobAsync[TIOAdapter](TIOAdapter adapter)
   at System.Net.Security.SslStream.ForceAuthenticationAsync[TIOAdapter](TIOAdapter adapter, Boolean receiveFirst, Byte[] reAuthenticationData, Boolean isApm)
   at Microsoft.AspNetCore.Server.Kestrel.Https.Internal.HttpsConnectionMiddleware.OnConnectionAsync(ConnectionContext context)
2023-07-05 16:13:38.2486|INFO|Microsoft.Hosting.Lifetime|Content root path: C:\Users\Manuel\source\repos\ve-juicios\Main\Source\VEJuicios
2023-07-05 16:13:39.9978|DEBUG|Microsoft.AspNetCore.Server.Kestrel.Connections|Connection id "0HMRTHFNQ0LBV" stopped.
2023-07-05 16:13:40.0446|DEBUG|Microsoft.Extensions.Hosting.Internal.Host|Hosting started
2023-07-05 16:13:40.1154|DEBUG|Microsoft.AspNetCore.Server.Kestrel.Transport.Sockets|Connection id "0HMRTHFNQ0LBV" sending FIN because: "The Socket transport's send loop completed gracefully."
2023-07-05 16:13:40.4447|DEBUG|Microsoft.AspNetCore.Server.Kestrel.Connections|Connection id "0HMRTHFNQ0LC0" accepted.
2023-07-05 16:13:40.5146|DEBUG|Microsoft.AspNetCore.Server.Kestrel.Connections|Connection id "0HMRTHFNQ0LC0" started.
2023-07-05 16:13:41.1548|DEBUG|Microsoft.AspNetCore.Server.Kestrel.Https.Internal.HttpsConnectionMiddleware|Connection 0HMRTHFNQ0LC0 established using the following protocol: Tls12
2023-07-05 16:13:41.4357|INFO|Microsoft.AspNetCore.Hosting.Diagnostics|Request starting HTTP/2 GET https://localhost:5001/swagger/index.html - -
2023-07-05 16:13:41.5827|DEBUG|Microsoft.AspNetCore.HostFiltering.HostFilteringMiddleware|Wildcard detected, all requests with hosts will be allowed.
2023-07-05 16:13:41.6578|DEBUG|Microsoft.AspNetCore.StaticFiles.StaticFileMiddleware|The request path /swagger/index.html does not match an existing file
2023-07-05 16:13:41.7969|DEBUG|Microsoft.AspNetCore.Routing.Matching.DfaMatcher|No candidates found for the request path '/swagger/index.html'
2023-07-05 16:13:41.8613|DEBUG|Microsoft.AspNetCore.Routing.EndpointRoutingMiddleware|Request did not match any endpoints
2023-07-05 16:13:42.2140|DEBUG|Microsoft.AspNetCore.Watch.BrowserRefresh.BrowserRefreshMiddleware|Response markup is scheduled to include browser refresh script injection.
2023-07-05 16:13:42.7970|DEBUG|Microsoft.AspNetCore.Watch.BrowserRefresh.BrowserRefreshMiddleware|Response markup was updated to include browser refresh script injection.
2023-07-05 16:13:42.8826|INFO|Microsoft.AspNetCore.Hosting.Diagnostics|Request finished HTTP/2 GET https://localhost:5001/swagger/index.html - - - 200 - text/html;charset=utf-8 1453.3781ms
2023-07-05 16:13:43.2962|INFO|Microsoft.AspNetCore.Hosting.Diagnostics|Request starting HTTP/2 GET https://localhost:5001/_vs/browserLink - -
2023-07-05 16:13:43.2962|INFO|Microsoft.AspNetCore.Hosting.Diagnostics|Request starting HTTP/2 GET https://localhost:5001/_framework/aspnetcore-browser-refresh.js - -
2023-07-05 16:13:43.4817|INFO|Microsoft.AspNetCore.Hosting.Diagnostics|Request finished HTTP/2 GET https://localhost:5001/_framework/aspnetcore-browser-refresh.js - - - 200 11988 application/javascript;+charset=utf-8 185.3941ms
2023-07-05 16:13:43.7971|INFO|Microsoft.AspNetCore.Hosting.Diagnostics|Request finished HTTP/2 GET https://localhost:5001/_vs/browserLink - - - 200 - text/javascript;+charset=UTF-8 500.6972ms
2023-07-05 16:13:44.4016|INFO|Microsoft.AspNetCore.Hosting.Diagnostics|Request starting HTTP/2 GET https://localhost:5001/swagger/v1/swagger.json - -
2023-07-05 16:13:44.4738|DEBUG|Microsoft.AspNetCore.StaticFiles.StaticFileMiddleware|The request path /swagger/v1/swagger.json does not match an existing file
2023-07-05 16:13:44.5676|DEBUG|Microsoft.AspNetCore.Routing.Matching.DfaMatcher|No candidates found for the request path '/swagger/v1/swagger.json'
2023-07-05 16:13:44.6326|DEBUG|Microsoft.AspNetCore.Routing.EndpointRoutingMiddleware|Request did not match any endpoints
2023-07-05 16:13:45.3025|INFO|Microsoft.AspNetCore.Hosting.Diagnostics|Request finished HTTP/2 GET https://localhost:5001/swagger/v1/swagger.json - - - 200 - application/json;charset=utf-8 900.9201ms
2023-07-05 16:13:45.3931|DEBUG|Microsoft.AspNetCore.Server.Kestrel.Transport.Sockets|Connection id "0HMRTHFNQ0LC0" received FIN.
2023-07-05 16:13:45.4661|DEBUG|Microsoft.AspNetCore.Server.Kestrel.Http2|Connection id "0HMRTHFNQ0LC0" is closed. The last processed stream ID was 7.
2023-07-05 16:13:45.5324|DEBUG|Microsoft.AspNetCore.Server.Kestrel.Transport.Sockets|Connection id "0HMRTHFNQ0LC0" sending FIN because: "The client closed the connection."
2023-07-05 16:13:45.6029|DEBUG|Microsoft.AspNetCore.Server.Kestrel.Connections|Connection id "0HMRTHFNQ0LC0" stopped.
2023-07-05 16:14:02.8942|DEBUG|Quartz.Core.QuartzSchedulerThread|Batch acquisition of 0 triggers
2023-07-05 16:14:26.2656|DEBUG|Quartz.Core.QuartzSchedulerThread|Batch acquisition of 0 triggers
2023-07-05 16:14:43.5956|DEBUG|Microsoft.AspNetCore.Server.Kestrel.Connections|Connection id "0HMRTHFNQ0LC1" accepted.
2023-07-05 16:14:43.6596|DEBUG|Microsoft.AspNetCore.Server.Kestrel.Connections|Connection id "0HMRTHFNQ0LC1" started.
2023-07-05 16:14:43.7579|DEBUG|Microsoft.AspNetCore.Server.Kestrel.Https.Internal.HttpsConnectionMiddleware|Connection 0HMRTHFNQ0LC1 established using the following protocol: Tls12
2023-07-05 16:14:43.8308|INFO|Microsoft.AspNetCore.Hosting.Diagnostics|Request starting HTTP/2 GET https://localhost:5001/DescargarPDF?notificacionId=7&popUpFecha=20-03-2020&CopiasSiNo=1 - -
2023-07-05 16:14:43.9093|DEBUG|Microsoft.AspNetCore.StaticFiles.StaticFileMiddleware|The request path /DescargarPDF does not match a supported file type
2023-07-05 16:14:43.9888|DEBUG|Microsoft.AspNetCore.Routing.Matching.DfaMatcher|1 candidate(s) found for the request path '/DescargarPDF'
2023-07-05 16:14:44.0686|DEBUG|Microsoft.AspNetCore.Routing.Matching.DfaMatcher|Endpoint 'VEJuicios.Controllers.PdfControllers.GetPdfNotificacion (VEJuicios)' with route pattern 'DescargarPDF' is valid for the request path '/DescargarPDF'
2023-07-05 16:14:44.1350|DEBUG|Microsoft.AspNetCore.Routing.EndpointRoutingMiddleware|Request matched endpoint 'VEJuicios.Controllers.PdfControllers.GetPdfNotificacion (VEJuicios)'
2023-07-05 16:14:44.2353|INFO|Microsoft.AspNetCore.Routing.EndpointMiddleware|Executing endpoint 'VEJuicios.Controllers.PdfControllers.GetPdfNotificacion (VEJuicios)'
2023-07-05 16:14:44.4404|INFO|Microsoft.AspNetCore.Mvc.Infrastructure.ControllerActionInvoker|Route matched with {action = "GetPdfNotificacion", controller = "PdfControllers"}. Executing controller action with signature System.Threading.Tasks.Task`1[Microsoft.AspNetCore.Mvc.IActionResult] GetPdfNotificacion(Int32, System.String, System.String) on controller VEJuicios.Controllers.PdfControllers (VEJuicios).
2023-07-05 16:14:44.5068|DEBUG|Microsoft.AspNetCore.Mvc.Infrastructure.ControllerActionInvoker|Execution plan of authorization filters (in the following order): None
2023-07-05 16:14:44.5727|DEBUG|Microsoft.AspNetCore.Mvc.Infrastructure.ControllerActionInvoker|Execution plan of resource filters (in the following order): Microsoft.AspNetCore.Mvc.ViewFeatures.Filters.SaveTempDataFilter
2023-07-05 16:14:44.6379|DEBUG|Microsoft.AspNetCore.Mvc.Infrastructure.ControllerActionInvoker|Execution plan of action filters (in the following order): Microsoft.AspNetCore.Mvc.ModelBinding.UnsupportedContentTypeFilter (Order: -3000), Microsoft.AspNetCore.Mvc.Infrastructure.ModelStateInvalidFilter (Order: -2000)
2023-07-05 16:14:44.7017|DEBUG|Microsoft.AspNetCore.Mvc.Infrastructure.ControllerActionInvoker|Execution plan of exception filters (in the following order): None
2023-07-05 16:14:44.7648|DEBUG|Microsoft.AspNetCore.Mvc.Infrastructure.ControllerActionInvoker|Execution plan of result filters (in the following order): Microsoft.AspNetCore.Mvc.ViewFeatures.Filters.SaveTempDataFilter, Microsoft.AspNetCore.Mvc.Infrastructure.ClientErrorResultFilter (Order: -2000)
2023-07-05 16:14:44.8492|DEBUG|Microsoft.AspNetCore.Mvc.Infrastructure.ControllerActionInvoker|Executing controller factory for controller VEJuicios.Controllers.PdfControllers (VEJuicios)
2023-07-05 16:14:45.4207|DEBUG|Microsoft.EntityFrameworkCore.Infrastructure|An 'IServiceProvider' was created for internal use by Entity Framework.
2023-07-05 16:14:45.5838|DEBUG|Microsoft.AspNetCore.Mvc.Infrastructure.ControllerActionInvoker|Executed controller factory for controller VEJuicios.Controllers.PdfControllers (VEJuicios)
2023-07-05 16:14:45.7172|DEBUG|Microsoft.AspNetCore.Mvc.ModelBinding.ParameterBinder|Attempting to bind parameter 'notificacionId' of type 'System.Int32' ...
2023-07-05 16:14:45.7883|DEBUG|Microsoft.AspNetCore.Mvc.ModelBinding.Binders.SimpleTypeModelBinder|Attempting to bind parameter 'notificacionId' of type 'System.Int32' using the name 'notificacionId' in request data ...
2023-07-05 16:14:45.8719|DEBUG|Microsoft.AspNetCore.Mvc.ModelBinding.Binders.SimpleTypeModelBinder|Done attempting to bind parameter 'notificacionId' of type 'System.Int32'.
2023-07-05 16:14:45.9368|DEBUG|Microsoft.AspNetCore.Mvc.ModelBinding.ParameterBinder|Done attempting to bind parameter 'notificacionId' of type 'System.Int32'.
2023-07-05 16:14:46.0032|DEBUG|Microsoft.AspNetCore.Mvc.ModelBinding.ParameterBinder|Attempting to validate the bound parameter 'notificacionId' of type 'System.Int32' ...
2023-07-05 16:14:46.0762|DEBUG|Microsoft.AspNetCore.Mvc.ModelBinding.ParameterBinder|Done attempting to validate the bound parameter 'notificacionId' of type 'System.Int32'.
2023-07-05 16:14:46.1487|DEBUG|Microsoft.AspNetCore.Mvc.ModelBinding.ParameterBinder|Attempting to bind parameter 'popUpFecha' of type 'System.String' ...
2023-07-05 16:14:46.2161|DEBUG|Microsoft.AspNetCore.Mvc.ModelBinding.Binders.SimpleTypeModelBinder|Attempting to bind parameter 'popUpFecha' of type 'System.String' using the name 'popUpFecha' in request data ...
2023-07-05 16:14:46.2806|DEBUG|Microsoft.AspNetCore.Mvc.ModelBinding.Binders.SimpleTypeModelBinder|Done attempting to bind parameter 'popUpFecha' of type 'System.String'.
2023-07-05 16:14:46.3452|DEBUG|Microsoft.AspNetCore.Mvc.ModelBinding.ParameterBinder|Done attempting to bind parameter 'popUpFecha' of type 'System.String'.
2023-07-05 16:14:46.4117|DEBUG|Microsoft.AspNetCore.Mvc.ModelBinding.ParameterBinder|Attempting to validate the bound parameter 'popUpFecha' of type 'System.String' ...
2023-07-05 16:14:46.5149|DEBUG|Microsoft.AspNetCore.Mvc.ModelBinding.ParameterBinder|Done attempting to validate the bound parameter 'popUpFecha' of type 'System.String'.
2023-07-05 16:14:46.5803|DEBUG|Microsoft.AspNetCore.Mvc.ModelBinding.ParameterBinder|Attempting to bind parameter 'CopiasSiNo' of type 'System.String' ...
2023-07-05 16:14:46.6448|DEBUG|Microsoft.AspNetCore.Mvc.ModelBinding.Binders.SimpleTypeModelBinder|Attempting to bind parameter 'CopiasSiNo' of type 'System.String' using the name 'CopiasSiNo' in request data ...
2023-07-05 16:14:46.7087|DEBUG|Microsoft.AspNetCore.Mvc.ModelBinding.Binders.SimpleTypeModelBinder|Done attempting to bind parameter 'CopiasSiNo' of type 'System.String'.
2023-07-05 16:14:46.7722|DEBUG|Microsoft.AspNetCore.Mvc.ModelBinding.ParameterBinder|Done attempting to bind parameter 'CopiasSiNo' of type 'System.String'.
2023-07-05 16:14:46.8367|DEBUG|Microsoft.AspNetCore.Mvc.ModelBinding.ParameterBinder|Attempting to validate the bound parameter 'CopiasSiNo' of type 'System.String' ...
2023-07-05 16:14:46.9013|DEBUG|Microsoft.AspNetCore.Mvc.ModelBinding.ParameterBinder|Done attempting to validate the bound parameter 'CopiasSiNo' of type 'System.String'.
2023-07-05 16:14:48.4734|WARN|Microsoft.EntityFrameworkCore.Model.Validation|Sensitive data logging is enabled. Log entries and exception messages may include sensitive application data; this mode should only be enabled during development.
2023-07-05 16:14:48.8891|WARN|Microsoft.EntityFrameworkCore.Model.Validation|No store type was specified for the decimal property 'NotificacionId' on entity type 'Notificacion'. This will cause values to be silently truncated if they do not fit in the default precision and scale. Explicitly specify the SQL server column type that can accommodate all the values in 'OnModelCreating' using 'HasColumnType', specify precision and scale using 'HasPrecision', or configure a value converter using 'HasConversion'.
2023-07-05 16:14:48.9587|WARN|Microsoft.EntityFrameworkCore.Model.Validation|The decimal property 'NotificacionId' is part of a key on entity type 'Notificacion'. If the configured precision and scale don't match the column type in the database, this will cause values to be silently truncated if they do not fit in the default precision and scale. Consider using a different property as the key, or make sure that the database column type matches the model configuration and enable decimal rounding warnings using 'SET NUMERIC_ROUNDABORT ON'.
2023-07-05 16:14:49.0262|WARN|Microsoft.EntityFrameworkCore.Model.Validation|No store type was specified for the decimal property 'CasoId' on entity type 'Notificacion'. This will cause values to be silently truncated if they do not fit in the default precision and scale. Explicitly specify the SQL server column type that can accommodate all the values in 'OnModelCreating' using 'HasColumnType', specify precision and scale using 'HasPrecision', or configure a value converter using 'HasConversion'.
2023-07-05 16:14:49.0909|WARN|Microsoft.EntityFrameworkCore.Model.Validation|No store type was specified for the decimal property 'MetodoEnvioId' on entity type 'Notificacion'. This will cause values to be silently truncated if they do not fit in the default precision and scale. Explicitly specify the SQL server column type that can accommodate all the values in 'OnModelCreating' using 'HasColumnType', specify precision and scale using 'HasPrecision', or configure a value converter using 'HasConversion'.
2023-07-05 16:14:49.1552|WARN|Microsoft.EntityFrameworkCore.Model.Validation|No store type was specified for the decimal property 'TipoNotificacionId' on entity type 'Notificacion'. This will cause values to be silently truncated if they do not fit in the default precision and scale. Explicitly specify the SQL server column type that can accommodate all the values in 'OnModelCreating' using 'HasColumnType', specify precision and scale using 'HasPrecision', or configure a value converter using 'HasConversion'.
2023-07-05 16:14:49.2199|WARN|Microsoft.EntityFrameworkCore.Model.Validation|No store type was specified for the decimal property 'UsuarioInsertId' on entity type 'Notificacion'. This will cause values to be silently truncated if they do not fit in the default precision and scale. Explicitly specify the SQL server column type that can accommodate all the values in 'OnModelCreating' using 'HasColumnType', specify precision and scale using 'HasPrecision', or configure a value converter using 'HasConversion'.
2023-07-05 16:14:49.2849|WARN|Microsoft.EntityFrameworkCore.Model.Validation|No store type was specified for the decimal property 'UsuarioUpdateId' on entity type 'Notificacion'. This will cause values to be silently truncated if they do not fit in the default precision and scale. Explicitly specify the SQL server column type that can accommodate all the values in 'OnModelCreating' using 'HasColumnType', specify precision and scale using 'HasPrecision', or configure a value converter using 'HasConversion'.
2023-07-05 16:14:49.3501|WARN|Microsoft.EntityFrameworkCore.Model.Validation|No store type was specified for the decimal property 'NotificacionId' on entity type 'VistaNotificacionPDF'. This will cause values to be silently truncated if they do not fit in the default precision and scale. Explicitly specify the SQL server column type that can accommodate all the values in 'OnModelCreating' using 'HasColumnType', specify precision and scale using 'HasPrecision', or configure a value converter using 'HasConversion'.
2023-07-05 16:14:49.4143|WARN|Microsoft.EntityFrameworkCore.Model.Validation|The decimal property 'NotificacionId' is part of a key on entity type 'VistaNotificacionPDF'. If the configured precision and scale don't match the column type in the database, this will cause values to be silently truncated if they do not fit in the default precision and scale. Consider using a different property as the key, or make sure that the database column type matches the model configuration and enable decimal rounding warnings using 'SET NUMERIC_ROUNDABORT ON'.
2023-07-05 16:14:50.0059|DEBUG|Microsoft.EntityFrameworkCore.Infrastructure|Entity Framework Core 7.0.8 initialized 'SQLServerContext' using provider 'Microsoft.EntityFrameworkCore.SqlServer:7.0.8' with options: SensitiveDataLoggingEnabled 
2023-07-05 16:14:50.3642|DEBUG|Microsoft.EntityFrameworkCore.Query|Compiling query expression: 
'DbSet<VistaNotificacionPDF>()
    .FirstOrDefault(x => x.NotificacionId.Equals(__p_0))'
2023-07-05 16:14:51.3376|DEBUG|Quartz.Core.QuartzSchedulerThread|Batch acquisition of 0 triggers
2023-07-05 16:14:51.6719|DEBUG|Microsoft.EntityFrameworkCore.Query|Generated query execution expression: 
'queryContext => new SingleQueryingEnumerable<VistaNotificacionPDF>(
    (RelationalQueryContext)queryContext, 
    RelationalCommandCache.QueryExpression(
        Projection Mapping:
            EmptyProjectionMember -> Dictionary<IProperty, int> { [Property: VistaNotificacionPDF.NotificacionId (decimal) Required PK AfterSave:Throw, 0], [Property: VistaNotificacionPDF.AbogadoEmail (string), 1], [Property: VistaNotificacionPDF.AbogadoFolio (string), 2], [Property: VistaNotificacionPDF.AbogadoNombre (string), 3], [Property: VistaNotificacionPDF.AbogadoTelefono (string), 4], [Property: VistaNotificacionPDF.AbogadoTomo (string), 5], [Property: VistaNotificacionPDF.CasoAutos (string), 6], [Property: VistaNotificacionPDF.CasoExpedienteJudicial (string), 7], [Property: VistaNotificacionPDF.CasoFechaSentencia (DateTime?), 8], [Property: VistaNotificacionPDF.FueroDescripcion (string), 9], [Property: VistaNotificacionPDF.JurisdiccionDescripcion (string), 10], [Property: VistaNotificacionPDF.JuzgadoDescripcion (string), 11], [Property: VistaNotificacionPDF.JuzgadoDireccion (string), 12], [Property: VistaNotificacionPDF.JuzgadoJuez (string), 13], [Property: VistaNotificacionPDF.ParteDireccion (string), 14], [Property: VistaNotificacionPDF.PersonaNombre (string), 15], [Property: VistaNotificacionPDF.SecretariaDescripcion (string), 16], [Property: VistaNotificacionPDF.TipoNotificacionCodigo (string), 17] }
        SELECT TOP(1) v.NotificacionId, v.AbogadoEmail, v.AbogadoFolio, v.AbogadoNombre, v.AbogadoTelefono, v.AbogadoTomo, v.CasoAutos, v.CasoExpedienteJudicial, v.CasoFechaSentencia, v.FueroDescripcion, v.JurisdiccionDescripcion, v.JuzgadoDescripcion, v.JuzgadoDireccion, v.JuzgadoJuez, v.ParteDireccion, v.PersonaNombre, v.SecretariaDescripcion, v.TipoNotificacionCodigo
        FROM vNotificacionPDF AS v
        WHERE v.NotificacionId == @__p_0), 
    null, 
    Func<QueryContext, DbDataReader, ResultContext, SingleQueryResultCoordinator, VistaNotificacionPDF>, 
    VEJuicios.Infrastructure.SQLServerContext, 
    False, 
    False, 
    True
)
    .SingleOrDefault()'
2023-07-05 16:14:51.9042|DEBUG|Microsoft.EntityFrameworkCore.Database.Command|Creating DbCommand for 'ExecuteReader'.
2023-07-05 16:14:51.9796|DEBUG|Microsoft.EntityFrameworkCore.Database.Connection|Creating DbConnection.
2023-07-05 16:14:52.1492|DEBUG|Microsoft.EntityFrameworkCore.Database.Connection|Created DbConnection. (166ms).
2023-07-05 16:14:52.2330|DEBUG|Microsoft.EntityFrameworkCore.Database.Command|Created DbCommand for 'ExecuteReader' (331ms).
2023-07-05 16:14:52.3428|DEBUG|Microsoft.EntityFrameworkCore.Database.Command|Initialized DbCommand for 'ExecuteReader' (439ms).
2023-07-05 16:14:52.4228|DEBUG|Microsoft.EntityFrameworkCore.Database.Connection|Opening connection to database 'JuiciosNotificacionesUTN' on server 'S1-DIXX-SQL21'.
2023-07-05 16:14:53.9454|DEBUG|Microsoft.EntityFrameworkCore.Database.Connection|Opened connection to database 'JuiciosNotificacionesUTN' on server 'S1-DIXX-SQL21'.
2023-07-05 16:14:54.0742|DEBUG|Microsoft.EntityFrameworkCore.Database.Command|Executing DbCommand [Parameters=[@__p_0='7' (Precision = 18) (Scale = 2)], CommandType='Text', CommandTimeout='30']
SELECT TOP(1) [v].[NotificacionId], [v].[AbogadoEmail], [v].[AbogadoFolio], [v].[AbogadoNombre], [v].[AbogadoTelefono], [v].[AbogadoTomo], [v].[CasoAutos], [v].[CasoExpedienteJudicial], [v].[CasoFechaSentencia], [v].[FueroDescripcion], [v].[JurisdiccionDescripcion], [v].[JuzgadoDescripcion], [v].[JuzgadoDireccion], [v].[JuzgadoJuez], [v].[ParteDireccion], [v].[PersonaNombre], [v].[SecretariaDescripcion], [v].[TipoNotificacionCodigo]
FROM [vNotificacionPDF] AS [v]
WHERE [v].[NotificacionId] = @__p_0
2023-07-05 16:14:54.4081|INFO|Microsoft.EntityFrameworkCore.Database.Command|Executed DbCommand (370ms) [Parameters=[@__p_0='7' (Precision = 18) (Scale = 2)], CommandType='Text', CommandTimeout='30']
SELECT TOP(1) [v].[NotificacionId], [v].[AbogadoEmail], [v].[AbogadoFolio], [v].[AbogadoNombre], [v].[AbogadoTelefono], [v].[AbogadoTomo], [v].[CasoAutos], [v].[CasoExpedienteJudicial], [v].[CasoFechaSentencia], [v].[FueroDescripcion], [v].[JurisdiccionDescripcion], [v].[JuzgadoDescripcion], [v].[JuzgadoDireccion], [v].[JuzgadoJuez], [v].[ParteDireccion], [v].[PersonaNombre], [v].[SecretariaDescripcion], [v].[TipoNotificacionCodigo]
FROM [vNotificacionPDF] AS [v]
WHERE [v].[NotificacionId] = @__p_0
2023-07-05 16:14:54.6655|DEBUG|Microsoft.EntityFrameworkCore.ChangeTracking|Context 'SQLServerContext' started tracking 'VistaNotificacionPDF' entity with key '{NotificacionId: 7}'.
2023-07-05 16:14:54.8957|DEBUG|Microsoft.EntityFrameworkCore.Database.Command|Closing data reader to 'JuiciosNotificacionesUTN' on server 'S1-DIXX-SQL21'.
2023-07-05 16:14:54.9848|DEBUG|Microsoft.EntityFrameworkCore.Database.Command|A data reader for 'JuiciosNotificacionesUTN' on server 'S1-DIXX-SQL21' is being disposed after spending 500ms reading results.
2023-07-05 16:14:55.0629|DEBUG|Microsoft.EntityFrameworkCore.Database.Connection|Closing connection to database 'JuiciosNotificacionesUTN' on server 'S1-DIXX-SQL21'.
2023-07-05 16:14:55.1697|DEBUG|Microsoft.EntityFrameworkCore.Database.Connection|Closed connection to database 'JuiciosNotificacionesUTN' on server 'S1-DIXX-SQL21' (104ms).
2023-07-05 16:14:56.2018|DEBUG|Microsoft.AspNetCore.Mvc.Infrastructure.DefaultOutputFormatterSelector|List of registered output formatters, in the following order: Microsoft.AspNetCore.Mvc.Formatters.HttpNoContentOutputFormatter, Microsoft.AspNetCore.Mvc.Formatters.StringOutputFormatter, Microsoft.AspNetCore.Mvc.Formatters.StreamOutputFormatter, Microsoft.AspNetCore.Mvc.Formatters.SystemTextJsonOutputFormatter
2023-07-05 16:14:56.2816|DEBUG|Microsoft.AspNetCore.Mvc.Infrastructure.DefaultOutputFormatterSelector|No information found on request to perform content negotiation.
2023-07-05 16:14:56.3474|DEBUG|Microsoft.AspNetCore.Mvc.Infrastructure.DefaultOutputFormatterSelector|Attempting to select an output formatter without using a content type as no explicit content types were specified for the response.
2023-07-05 16:14:56.4134|DEBUG|Microsoft.AspNetCore.Mvc.Infrastructure.DefaultOutputFormatterSelector|Attempting to select the first formatter in the output formatters list which can write the result.
2023-07-05 16:14:56.4792|DEBUG|Microsoft.AspNetCore.Mvc.Infrastructure.DefaultOutputFormatterSelector|Selected output formatter 'Microsoft.AspNetCore.Mvc.Formatters.StringOutputFormatter' and content type 'text/plain' to write the response.
2023-07-05 16:14:56.5438|INFO|Microsoft.AspNetCore.Mvc.Infrastructure.ObjectResultExecutor|Executing NotFoundObjectResult, writing value of type 'System.String'.
2023-07-05 16:14:56.6578|INFO|Microsoft.AspNetCore.Mvc.Infrastructure.ControllerActionInvoker|Executed action VEJuicios.Controllers.PdfControllers.GetPdfNotificacion (VEJuicios) in 11785.9696ms
2023-07-05 16:14:56.7221|INFO|Microsoft.AspNetCore.Routing.EndpointMiddleware|Executed endpoint 'VEJuicios.Controllers.PdfControllers.GetPdfNotificacion (VEJuicios)'
2023-07-05 16:14:56.8080|DEBUG|Microsoft.EntityFrameworkCore.Infrastructure|'SQLServerContext' disposed.
2023-07-05 16:14:56.9103|DEBUG|Microsoft.EntityFrameworkCore.Database.Connection|Disposing connection to database 'JuiciosNotificacionesUTN' on server 'S1-DIXX-SQL21'.
2023-07-05 16:14:56.9823|DEBUG|Microsoft.EntityFrameworkCore.Database.Connection|Disposed connection to database '' on server '' (73ms).
2023-07-05 16:14:57.0499|INFO|Microsoft.AspNetCore.Hosting.Diagnostics|Request finished HTTP/2 GET https://localhost:5001/DescargarPDF?notificacionId=7&popUpFecha=20-03-2020&CopiasSiNo=1 - - - 404 - text/plain;+charset=utf-8 13218.9738ms
2023-07-05 16:15:00.4706|DEBUG|Microsoft.AspNetCore.Server.Kestrel.Transport.Sockets|Connection id "0HMRTHFNQ0LC1" received FIN.
2023-07-05 16:15:00.5380|DEBUG|Microsoft.AspNetCore.Server.Kestrel.Http2|Connection id "0HMRTHFNQ0LC1" is closed. The last processed stream ID was 1.
2023-07-05 16:15:00.6075|DEBUG|Microsoft.AspNetCore.Server.Kestrel.Transport.Sockets|Connection id "0HMRTHFNQ0LC1" sending FIN because: "The client closed the connection."
2023-07-05 16:15:00.6832|DEBUG|Microsoft.AspNetCore.Server.Kestrel.Connections|Connection id "0HMRTHFNQ0LC1" stopped.
2023-07-05 16:15:20.7838|DEBUG|Quartz.Core.QuartzSchedulerThread|Batch acquisition of 0 triggers
