2023-07-06 10:38:19.9365|DEBUG|Microsoft.Extensions.Hosting.Internal.Host|Hosting starting
2023-07-06 10:38:21.3589|INFO|Microsoft.AspNetCore.DataProtection.KeyManagement.XmlKeyManager|User profile is available. Using 'C:\Users\Manuel\AppData\Local\ASP.NET\DataProtection-Keys' as key repository and Windows DPAPI to encrypt keys at rest.
2023-07-06 10:38:21.5901|DEBUG|Quartz.Simpl.TaskSchedulingThreadPool|TaskSchedulingThreadPool configured with max concurrency of 10 and TaskScheduler ThreadPoolTaskScheduler.
2023-07-06 10:38:21.7562|INFO|Quartz.Core.SchedulerSignalerImpl|Initialized Scheduler Signaller of type: Quartz.Core.SchedulerSignalerImpl
2023-07-06 10:38:21.8075|INFO|Quartz.Core.QuartzScheduler|Quartz Scheduler created
2023-07-06 10:38:21.8611|INFO|Quartz.Core.QuartzScheduler|JobFactory set to: Quartz.Simpl.MicrosoftDependencyInjectionJobFactory
2023-07-06 10:38:21.9174|INFO|Quartz.Simpl.RAMJobStore|RAMJobStore initialized.
2023-07-06 10:38:21.9751|INFO|Quartz.Core.QuartzScheduler|Scheduler meta-data: Quartz Scheduler (v3.4.0.0) 'Notificaciones' with instanceId 'Scheduler-Notificacion'
  Scheduler class: 'Quartz.Core.QuartzScheduler' - running locally.
  NOT STARTED.
  Currently in standby mode.
  Number of jobs executed: 0
  Using thread pool 'Quartz.Simpl.DefaultThreadPool' - with 10 threads.
  Using job-store 'Quartz.Simpl.RAMJobStore' - which does not support persistence. and is not clustered.

2023-07-06 10:38:22.0287|INFO|Quartz.Impl.StdSchedulerFactory|Quartz scheduler 'Notificaciones' initialized
2023-07-06 10:38:22.0917|INFO|Quartz.Impl.StdSchedulerFactory|Quartz scheduler version: 3.4.0.0
2023-07-06 10:38:22.2005|INFO|Quartz.ContainerConfigurationProcessor|Adding 0 jobs, 0 triggers.
2023-07-06 10:38:22.2674|DEBUG|Microsoft.AspNetCore.DataProtection.Repositories.FileSystemXmlRepository|Reading data from file 'C:\Users\Manuel\AppData\Local\ASP.NET\DataProtection-Keys\key-2f7463d5-09f6-42b0-b038-897a699a3a01.xml'.
2023-07-06 10:38:22.4071|DEBUG|Microsoft.AspNetCore.DataProtection.Repositories.FileSystemXmlRepository|Reading data from file 'C:\Users\Manuel\AppData\Local\ASP.NET\DataProtection-Keys\key-8a172727-ab68-4caa-a957-f6dbc16963c2.xml'.
2023-07-06 10:38:22.4785|DEBUG|Microsoft.AspNetCore.DataProtection.Repositories.FileSystemXmlRepository|Reading data from file 'C:\Users\Manuel\AppData\Local\ASP.NET\DataProtection-Keys\key-8c634a91-ae70-4347-8421-cdb79c947157.xml'.
2023-07-06 10:38:22.5615|DEBUG|Microsoft.AspNetCore.DataProtection.KeyManagement.XmlKeyManager|Found key {2f7463d5-09f6-42b0-b038-897a699a3a01}.
2023-07-06 10:38:22.6241|DEBUG|Microsoft.AspNetCore.DataProtection.KeyManagement.XmlKeyManager|Found key {8a172727-ab68-4caa-a957-f6dbc16963c2}.
2023-07-06 10:38:22.6757|DEBUG|Microsoft.AspNetCore.DataProtection.KeyManagement.XmlKeyManager|Found key {8c634a91-ae70-4347-8421-cdb79c947157}.
2023-07-06 10:38:22.7444|DEBUG|Microsoft.AspNetCore.DataProtection.KeyManagement.DefaultKeyResolver|Considering key {8a172727-ab68-4caa-a957-f6dbc16963c2} with expiration date 2023-09-24 14:42:34Z as default key.
2023-07-06 10:38:22.8014|DEBUG|Microsoft.AspNetCore.DataProtection.TypeForwardingActivator|Forwarded activator type request from Microsoft.AspNetCore.DataProtection.XmlEncryption.DpapiXmlDecryptor, Microsoft.AspNetCore.DataProtection, Version=6.0.0.0, Culture=neutral, PublicKeyToken=adb9793829ddae60 to Microsoft.AspNetCore.DataProtection.XmlEncryption.DpapiXmlDecryptor, Microsoft.AspNetCore.DataProtection, Culture=neutral, PublicKeyToken=adb9793829ddae60
2023-07-06 10:38:22.8600|DEBUG|Microsoft.AspNetCore.DataProtection.XmlEncryption.DpapiXmlDecryptor|Decrypting secret element using Windows DPAPI.
2023-07-06 10:38:22.9295|DEBUG|Microsoft.AspNetCore.DataProtection.TypeForwardingActivator|Forwarded activator type request from Microsoft.AspNetCore.DataProtection.AuthenticatedEncryption.ConfigurationModel.AuthenticatedEncryptorDescriptorDeserializer, Microsoft.AspNetCore.DataProtection, Version=6.0.0.0, Culture=neutral, PublicKeyToken=adb9793829ddae60 to Microsoft.AspNetCore.DataProtection.AuthenticatedEncryption.ConfigurationModel.AuthenticatedEncryptorDescriptorDeserializer, Microsoft.AspNetCore.DataProtection, Culture=neutral, PublicKeyToken=adb9793829ddae60
2023-07-06 10:38:23.4065|DEBUG|Microsoft.AspNetCore.DataProtection.AuthenticatedEncryption.CngCbcAuthenticatedEncryptorFactory|Opening CNG algorithm 'AES' from provider '(null)' with chaining mode CBC.
2023-07-06 10:38:23.4592|DEBUG|Microsoft.AspNetCore.DataProtection.AuthenticatedEncryption.CngCbcAuthenticatedEncryptorFactory|Opening CNG algorithm 'SHA256' from provider '(null)' with HMAC.
2023-07-06 10:38:23.5256|DEBUG|Microsoft.AspNetCore.DataProtection.KeyManagement.KeyRingProvider|Using key {8a172727-ab68-4caa-a957-f6dbc16963c2} as the default key.
2023-07-06 10:38:23.5793|DEBUG|Microsoft.AspNetCore.DataProtection.Internal.DataProtectionHostedService|Key ring with default key {8a172727-ab68-4caa-a957-f6dbc16963c2} was loaded during application startup.
2023-07-06 10:38:25.1454|DEBUG|Microsoft.AspNetCore.Mvc.Razor.Compilation.DefaultViewCompiler|Initializing Razor view compiler with no compiled views.
2023-07-06 10:38:25.2245|DEBUG|Microsoft.AspNetCore.Mvc.ModelBinding.ModelBinderFactory|Registered model binder providers, in the following order: Microsoft.AspNetCore.Mvc.ModelBinding.Binders.BinderTypeModelBinderProvider, Microsoft.AspNetCore.Mvc.ModelBinding.Binders.ServicesModelBinderProvider, Microsoft.AspNetCore.Mvc.ModelBinding.Binders.BodyModelBinderProvider, Microsoft.AspNetCore.Mvc.ModelBinding.Binders.HeaderModelBinderProvider, Microsoft.AspNetCore.Mvc.ModelBinding.Binders.FloatingPointTypeModelBinderProvider, Microsoft.AspNetCore.Mvc.ModelBinding.Binders.EnumTypeModelBinderProvider, Microsoft.AspNetCore.Mvc.ModelBinding.Binders.DateTimeModelBinderProvider, Microsoft.AspNetCore.Mvc.ModelBinding.Binders.SimpleTypeModelBinderProvider, Microsoft.AspNetCore.Mvc.ModelBinding.Binders.CancellationTokenModelBinderProvider, Microsoft.AspNetCore.Mvc.ModelBinding.Binders.ByteArrayModelBinderProvider, Microsoft.AspNetCore.Mvc.ModelBinding.Binders.FormFileModelBinderProvider, Microsoft.AspNetCore.Mvc.ModelBinding.Binders.FormCollectionModelBinderProvider, Microsoft.AspNetCore.Mvc.ModelBinding.Binders.KeyValuePairModelBinderProvider, Microsoft.AspNetCore.Mvc.ModelBinding.Binders.DictionaryModelBinderProvider, Microsoft.AspNetCore.Mvc.ModelBinding.Binders.ArrayModelBinderProvider, Microsoft.AspNetCore.Mvc.ModelBinding.Binders.CollectionModelBinderProvider, Microsoft.AspNetCore.Mvc.ModelBinding.Binders.ComplexObjectModelBinderProvider
2023-07-06 10:38:26.1365|DEBUG|Microsoft.AspNetCore.Server.Kestrel.Core.KestrelServer|Using development certificate: CN=localhost (Thumbprint: 2A56E4850DEE069647BE910EF39C8C149FAF80EE)
2023-07-06 10:38:26.2924|INFO|Microsoft.Hosting.Lifetime|Now listening on: https://localhost:5001
2023-07-06 10:38:26.3323|INFO|Microsoft.Hosting.Lifetime|Now listening on: http://localhost:5000
2023-07-06 10:38:26.3323|DEBUG|Microsoft.AspNetCore.Server.Kestrel.Connections|Connection id "0HMRU4P3BC5V8" accepted.
2023-07-06 10:38:26.3323|DEBUG|Microsoft.AspNetCore.Server.Kestrel.Connections|Connection id "0HMRU4P3BC5V9" accepted.
2023-07-06 10:38:26.3946|DEBUG|Microsoft.AspNetCore.Hosting.Diagnostics|Loaded hosting startup assembly VEJuicios
2023-07-06 10:38:26.5522|DEBUG|Microsoft.AspNetCore.Hosting.Diagnostics|Loaded hosting startup assembly Microsoft.AspNetCore.Watch.BrowserRefresh
2023-07-06 10:38:26.5015|DEBUG|Microsoft.AspNetCore.Server.Kestrel.Connections|Connection id "0HMRU4P3BC5V9" started.
2023-07-06 10:38:26.4460|DEBUG|Microsoft.AspNetCore.Server.Kestrel.Connections|Connection id "0HMRU4P3BC5V8" started.
2023-07-06 10:38:26.6043|DEBUG|Microsoft.AspNetCore.Hosting.Diagnostics|Loaded hosting startup assembly Microsoft.WebTools.BrowserLink.Net
2023-07-06 10:38:26.7567|INFO|Microsoft.Hosting.Lifetime|Application started. Press Ctrl+C to shut down.
2023-07-06 10:38:26.7804|INFO|Quartz.Core.QuartzScheduler|Scheduler Notificaciones_$_Scheduler-Notificacion started.
2023-07-06 10:38:26.7860|DEBUG|Quartz.Core.QuartzSchedulerThread|Batch acquisition of 0 triggers
2023-07-06 10:38:26.8072|INFO|Microsoft.Hosting.Lifetime|Hosting environment: Development
2023-07-06 10:38:26.9601|INFO|Microsoft.Hosting.Lifetime|Content root path: C:\Users\Manuel\source\repos\ve-juicios\Main\Source\VEJuicios
2023-07-06 10:38:27.0103|DEBUG|Microsoft.Extensions.Hosting.Internal.Host|Hosting started
2023-07-06 10:38:28.1585|DEBUG|Microsoft.AspNetCore.Server.Kestrel.Connections|Connection id "0HMRU4P3BC5VA" accepted.
2023-07-06 10:38:28.2319|DEBUG|Microsoft.AspNetCore.Server.Kestrel.Connections|Connection id "0HMRU4P3BC5VA" started.
2023-07-06 10:38:28.4033|DEBUG|Microsoft.AspNetCore.Server.Kestrel.Https.Internal.HttpsConnectionMiddleware|Connection 0HMRU4P3BC5VA established using the following protocol: Tls12
2023-07-06 10:38:28.5763|INFO|Microsoft.AspNetCore.Hosting.Diagnostics|Request starting HTTP/2 GET https://localhost:5001/swagger/index.html - -
2023-07-06 10:38:28.6772|DEBUG|Microsoft.AspNetCore.HostFiltering.HostFilteringMiddleware|Wildcard detected, all requests with hosts will be allowed.
2023-07-06 10:38:28.7320|DEBUG|Microsoft.AspNetCore.StaticFiles.StaticFileMiddleware|The request path /swagger/index.html does not match an existing file
2023-07-06 10:38:28.8290|DEBUG|Microsoft.AspNetCore.Routing.Matching.DfaMatcher|No candidates found for the request path '/swagger/index.html'
2023-07-06 10:38:28.8800|DEBUG|Microsoft.AspNetCore.Routing.EndpointRoutingMiddleware|Request did not match any endpoints
2023-07-06 10:38:29.0822|DEBUG|Microsoft.AspNetCore.Watch.BrowserRefresh.BrowserRefreshMiddleware|Response markup is scheduled to include browser refresh script injection.
2023-07-06 10:38:29.4952|INFO|Microsoft.AspNetCore.Hosting.Diagnostics|Request starting HTTP/2 GET https://localhost:5001/_framework/aspnetcore-browser-refresh.js - -
2023-07-06 10:38:29.5033|DEBUG|Microsoft.AspNetCore.Watch.BrowserRefresh.BrowserRefreshMiddleware|Response markup was updated to include browser refresh script injection.
2023-07-06 10:38:29.5620|INFO|Microsoft.AspNetCore.Hosting.Diagnostics|Request finished HTTP/2 GET https://localhost:5001/_framework/aspnetcore-browser-refresh.js - - - 200 11988 application/javascript;+charset=utf-8 65.1163ms
2023-07-06 10:38:29.6030|INFO|Microsoft.AspNetCore.Hosting.Diagnostics|Request finished HTTP/2 GET https://localhost:5001/swagger/index.html - - - 200 - text/html;charset=utf-8 1038.8478ms
2023-07-06 10:38:29.7591|INFO|Microsoft.AspNetCore.Hosting.Diagnostics|Request starting HTTP/2 GET https://localhost:5001/_vs/browserLink - -
2023-07-06 10:38:30.1197|INFO|Microsoft.AspNetCore.Hosting.Diagnostics|Request finished HTTP/2 GET https://localhost:5001/_vs/browserLink - - - 200 - text/javascript;+charset=UTF-8 360.7961ms
2023-07-06 10:38:30.3838|INFO|Microsoft.AspNetCore.Hosting.Diagnostics|Request starting HTTP/2 GET https://localhost:5001/swagger/v1/swagger.json - -
2023-07-06 10:38:30.4592|DEBUG|Microsoft.AspNetCore.StaticFiles.StaticFileMiddleware|The request path /swagger/v1/swagger.json does not match an existing file
2023-07-06 10:38:30.5125|DEBUG|Microsoft.AspNetCore.Routing.Matching.DfaMatcher|No candidates found for the request path '/swagger/v1/swagger.json'
2023-07-06 10:38:30.5646|DEBUG|Microsoft.AspNetCore.Routing.EndpointRoutingMiddleware|Request did not match any endpoints
2023-07-06 10:38:30.8458|INFO|Microsoft.AspNetCore.Hosting.Diagnostics|Request finished HTTP/2 GET https://localhost:5001/swagger/v1/swagger.json - - - 200 - application/json;charset=utf-8 461.9655ms
2023-07-06 10:38:32.7913|DEBUG|Microsoft.AspNetCore.Server.Kestrel.Transport.Sockets|Connection id "0HMRU4P3BC5VA" received FIN.
2023-07-06 10:38:32.8493|DEBUG|Microsoft.AspNetCore.Server.Kestrel.Http2|Connection id "0HMRU4P3BC5VA" is closed. The last processed stream ID was 7.
2023-07-06 10:38:32.9103|DEBUG|Microsoft.AspNetCore.Server.Kestrel.Transport.Sockets|Connection id "0HMRU4P3BC5VA" sending FIN because: "The client closed the connection."
2023-07-06 10:38:32.9959|DEBUG|Microsoft.AspNetCore.Server.Kestrel.Connections|Connection id "0HMRU4P3BC5VA" stopped.
2023-07-06 10:38:36.6880|DEBUG|Microsoft.AspNetCore.Server.Kestrel.Https.Internal.HttpsConnectionMiddleware|Authentication of the HTTPS connection timed out.
2023-07-06 10:38:36.7119|DEBUG|Microsoft.AspNetCore.Server.Kestrel.Https.Internal.HttpsConnectionMiddleware|Authentication of the HTTPS connection timed out.
2023-07-06 10:38:36.7414|DEBUG|Microsoft.AspNetCore.Server.Kestrel.Connections|Connection id "0HMRU4P3BC5V9" stopped.
2023-07-06 10:38:36.7915|DEBUG|Microsoft.AspNetCore.Server.Kestrel.Connections|Connection id "0HMRU4P3BC5V8" stopped.
2023-07-06 10:38:36.8416|DEBUG|Microsoft.AspNetCore.Server.Kestrel.Transport.Sockets|Connection id "0HMRU4P3BC5V9" sending FIN because: "The Socket transport's send loop completed gracefully."
2023-07-06 10:38:36.8911|DEBUG|Microsoft.AspNetCore.Server.Kestrel.Transport.Sockets|Connection id "0HMRU4P3BC5V8" sending FIN because: "The Socket transport's send loop completed gracefully."
2023-07-06 10:38:50.4558|DEBUG|Quartz.Core.QuartzSchedulerThread|Batch acquisition of 0 triggers
2023-07-06 10:38:52.7155|DEBUG|Microsoft.AspNetCore.Server.Kestrel.Connections|Connection id "0HMRU4P3BC5VB" accepted.
2023-07-06 10:38:52.7680|DEBUG|Microsoft.AspNetCore.Server.Kestrel.Connections|Connection id "0HMRU4P3BC5VB" started.
2023-07-06 10:38:52.8254|DEBUG|Microsoft.AspNetCore.Server.Kestrel.Https.Internal.HttpsConnectionMiddleware|Connection 0HMRU4P3BC5VB established using the following protocol: Tls12
2023-07-06 10:38:52.8799|INFO|Microsoft.AspNetCore.Hosting.Diagnostics|Request starting HTTP/2 GET https://localhost:5001/DescargarPDF?notificacionId=7&popUpFecha=20-03-2023&CopiasSiNo=1 - -
2023-07-06 10:38:52.9301|DEBUG|Microsoft.AspNetCore.StaticFiles.StaticFileMiddleware|The request path /DescargarPDF does not match a supported file type
2023-07-06 10:38:52.9910|DEBUG|Microsoft.AspNetCore.Routing.Matching.DfaMatcher|1 candidate(s) found for the request path '/DescargarPDF'
2023-07-06 10:38:53.0495|DEBUG|Microsoft.AspNetCore.Routing.Matching.DfaMatcher|Endpoint 'VEJuicios.Controllers.PdfControllers.GetPdfNotificacion (VEJuicios)' with route pattern 'DescargarPDF' is valid for the request path '/DescargarPDF'
2023-07-06 10:38:53.1009|DEBUG|Microsoft.AspNetCore.Routing.EndpointRoutingMiddleware|Request matched endpoint 'VEJuicios.Controllers.PdfControllers.GetPdfNotificacion (VEJuicios)'
2023-07-06 10:38:53.1590|INFO|Microsoft.AspNetCore.Routing.EndpointMiddleware|Executing endpoint 'VEJuicios.Controllers.PdfControllers.GetPdfNotificacion (VEJuicios)'
2023-07-06 10:38:53.2686|INFO|Microsoft.AspNetCore.Mvc.Infrastructure.ControllerActionInvoker|Route matched with {action = "GetPdfNotificacion", controller = "PdfControllers"}. Executing controller action with signature System.Threading.Tasks.Task`1[Microsoft.AspNetCore.Mvc.IActionResult] GetPdfNotificacion(Int32, System.String, System.String) on controller VEJuicios.Controllers.PdfControllers (VEJuicios).
2023-07-06 10:38:53.3209|DEBUG|Microsoft.AspNetCore.Mvc.Infrastructure.ControllerActionInvoker|Execution plan of authorization filters (in the following order): None
2023-07-06 10:38:53.3716|DEBUG|Microsoft.AspNetCore.Mvc.Infrastructure.ControllerActionInvoker|Execution plan of resource filters (in the following order): Microsoft.AspNetCore.Mvc.ViewFeatures.Filters.SaveTempDataFilter
2023-07-06 10:38:53.4223|DEBUG|Microsoft.AspNetCore.Mvc.Infrastructure.ControllerActionInvoker|Execution plan of action filters (in the following order): Microsoft.AspNetCore.Mvc.ModelBinding.UnsupportedContentTypeFilter (Order: -3000), Microsoft.AspNetCore.Mvc.Infrastructure.ModelStateInvalidFilter (Order: -2000)
2023-07-06 10:38:53.4731|DEBUG|Microsoft.AspNetCore.Mvc.Infrastructure.ControllerActionInvoker|Execution plan of exception filters (in the following order): None
2023-07-06 10:38:53.5238|DEBUG|Microsoft.AspNetCore.Mvc.Infrastructure.ControllerActionInvoker|Execution plan of result filters (in the following order): Microsoft.AspNetCore.Mvc.ViewFeatures.Filters.SaveTempDataFilter, Microsoft.AspNetCore.Mvc.Infrastructure.ClientErrorResultFilter (Order: -2000)
2023-07-06 10:38:53.5763|DEBUG|Microsoft.AspNetCore.Mvc.Infrastructure.ControllerActionInvoker|Executing controller factory for controller VEJuicios.Controllers.PdfControllers (VEJuicios)
2023-07-06 10:38:53.9188|DEBUG|Microsoft.EntityFrameworkCore.Infrastructure|An 'IServiceProvider' was created for internal use by Entity Framework.
2023-07-06 10:38:54.0278|DEBUG|Microsoft.AspNetCore.Mvc.Infrastructure.ControllerActionInvoker|Executed controller factory for controller VEJuicios.Controllers.PdfControllers (VEJuicios)
2023-07-06 10:38:54.1103|DEBUG|Microsoft.AspNetCore.Mvc.ModelBinding.ParameterBinder|Attempting to bind parameter 'notificacionId' of type 'System.Int32' ...
2023-07-06 10:38:54.1674|DEBUG|Microsoft.AspNetCore.Mvc.ModelBinding.Binders.SimpleTypeModelBinder|Attempting to bind parameter 'notificacionId' of type 'System.Int32' using the name 'notificacionId' in request data ...
2023-07-06 10:38:54.2330|DEBUG|Microsoft.AspNetCore.Mvc.ModelBinding.Binders.SimpleTypeModelBinder|Done attempting to bind parameter 'notificacionId' of type 'System.Int32'.
2023-07-06 10:38:54.3061|DEBUG|Microsoft.AspNetCore.Mvc.ModelBinding.ParameterBinder|Done attempting to bind parameter 'notificacionId' of type 'System.Int32'.
2023-07-06 10:38:54.3568|DEBUG|Microsoft.AspNetCore.Mvc.ModelBinding.ParameterBinder|Attempting to validate the bound parameter 'notificacionId' of type 'System.Int32' ...
2023-07-06 10:38:54.4153|DEBUG|Microsoft.AspNetCore.Mvc.ModelBinding.ParameterBinder|Done attempting to validate the bound parameter 'notificacionId' of type 'System.Int32'.
2023-07-06 10:38:54.4671|DEBUG|Microsoft.AspNetCore.Mvc.ModelBinding.ParameterBinder|Attempting to bind parameter 'popUpFecha' of type 'System.String' ...
2023-07-06 10:38:54.5182|DEBUG|Microsoft.AspNetCore.Mvc.ModelBinding.Binders.SimpleTypeModelBinder|Attempting to bind parameter 'popUpFecha' of type 'System.String' using the name 'popUpFecha' in request data ...
2023-07-06 10:38:54.5685|DEBUG|Microsoft.AspNetCore.Mvc.ModelBinding.Binders.SimpleTypeModelBinder|Done attempting to bind parameter 'popUpFecha' of type 'System.String'.
2023-07-06 10:38:54.6222|DEBUG|Microsoft.AspNetCore.Mvc.ModelBinding.ParameterBinder|Done attempting to bind parameter 'popUpFecha' of type 'System.String'.
2023-07-06 10:38:54.6731|DEBUG|Microsoft.AspNetCore.Mvc.ModelBinding.ParameterBinder|Attempting to validate the bound parameter 'popUpFecha' of type 'System.String' ...
2023-07-06 10:38:54.7573|DEBUG|Microsoft.AspNetCore.Mvc.ModelBinding.ParameterBinder|Done attempting to validate the bound parameter 'popUpFecha' of type 'System.String'.
2023-07-06 10:38:54.8144|DEBUG|Microsoft.AspNetCore.Mvc.ModelBinding.ParameterBinder|Attempting to bind parameter 'CopiasSiNo' of type 'System.String' ...
2023-07-06 10:38:54.8663|DEBUG|Microsoft.AspNetCore.Mvc.ModelBinding.Binders.SimpleTypeModelBinder|Attempting to bind parameter 'CopiasSiNo' of type 'System.String' using the name 'CopiasSiNo' in request data ...
2023-07-06 10:38:54.9243|DEBUG|Microsoft.AspNetCore.Mvc.ModelBinding.Binders.SimpleTypeModelBinder|Done attempting to bind parameter 'CopiasSiNo' of type 'System.String'.
2023-07-06 10:38:54.9747|DEBUG|Microsoft.AspNetCore.Mvc.ModelBinding.ParameterBinder|Done attempting to bind parameter 'CopiasSiNo' of type 'System.String'.
2023-07-06 10:38:55.0254|DEBUG|Microsoft.AspNetCore.Mvc.ModelBinding.ParameterBinder|Attempting to validate the bound parameter 'CopiasSiNo' of type 'System.String' ...
2023-07-06 10:38:55.0764|DEBUG|Microsoft.AspNetCore.Mvc.ModelBinding.ParameterBinder|Done attempting to validate the bound parameter 'CopiasSiNo' of type 'System.String'.
2023-07-06 10:38:55.9621|WARN|Microsoft.EntityFrameworkCore.Model.Validation|Sensitive data logging is enabled. Log entries and exception messages may include sensitive application data; this mode should only be enabled during development.
2023-07-06 10:38:56.1495|WARN|Microsoft.EntityFrameworkCore.Model.Validation|No store type was specified for the decimal property 'NotificacionId' on entity type 'Notificacion'. This will cause values to be silently truncated if they do not fit in the default precision and scale. Explicitly specify the SQL server column type that can accommodate all the values in 'OnModelCreating' using 'HasColumnType', specify precision and scale using 'HasPrecision', or configure a value converter using 'HasConversion'.
2023-07-06 10:38:56.2021|WARN|Microsoft.EntityFrameworkCore.Model.Validation|The decimal property 'NotificacionId' is part of a key on entity type 'Notificacion'. If the configured precision and scale don't match the column type in the database, this will cause values to be silently truncated if they do not fit in the default precision and scale. Consider using a different property as the key, or make sure that the database column type matches the model configuration and enable decimal rounding warnings using 'SET NUMERIC_ROUNDABORT ON'.
2023-07-06 10:38:56.2548|WARN|Microsoft.EntityFrameworkCore.Model.Validation|No store type was specified for the decimal property 'CasoId' on entity type 'Notificacion'. This will cause values to be silently truncated if they do not fit in the default precision and scale. Explicitly specify the SQL server column type that can accommodate all the values in 'OnModelCreating' using 'HasColumnType', specify precision and scale using 'HasPrecision', or configure a value converter using 'HasConversion'.
2023-07-06 10:38:56.3095|WARN|Microsoft.EntityFrameworkCore.Model.Validation|No store type was specified for the decimal property 'MetodoEnvioId' on entity type 'Notificacion'. This will cause values to be silently truncated if they do not fit in the default precision and scale. Explicitly specify the SQL server column type that can accommodate all the values in 'OnModelCreating' using 'HasColumnType', specify precision and scale using 'HasPrecision', or configure a value converter using 'HasConversion'.
2023-07-06 10:38:56.3607|WARN|Microsoft.EntityFrameworkCore.Model.Validation|No store type was specified for the decimal property 'TipoNotificacionId' on entity type 'Notificacion'. This will cause values to be silently truncated if they do not fit in the default precision and scale. Explicitly specify the SQL server column type that can accommodate all the values in 'OnModelCreating' using 'HasColumnType', specify precision and scale using 'HasPrecision', or configure a value converter using 'HasConversion'.
2023-07-06 10:38:56.4115|WARN|Microsoft.EntityFrameworkCore.Model.Validation|No store type was specified for the decimal property 'UsuarioInsertId' on entity type 'Notificacion'. This will cause values to be silently truncated if they do not fit in the default precision and scale. Explicitly specify the SQL server column type that can accommodate all the values in 'OnModelCreating' using 'HasColumnType', specify precision and scale using 'HasPrecision', or configure a value converter using 'HasConversion'.
2023-07-06 10:38:56.4629|WARN|Microsoft.EntityFrameworkCore.Model.Validation|No store type was specified for the decimal property 'UsuarioUpdateId' on entity type 'Notificacion'. This will cause values to be silently truncated if they do not fit in the default precision and scale. Explicitly specify the SQL server column type that can accommodate all the values in 'OnModelCreating' using 'HasColumnType', specify precision and scale using 'HasPrecision', or configure a value converter using 'HasConversion'.
2023-07-06 10:38:56.5140|WARN|Microsoft.EntityFrameworkCore.Model.Validation|No store type was specified for the decimal property 'NotificacionId' on entity type 'VistaNotificacionPDF'. This will cause values to be silently truncated if they do not fit in the default precision and scale. Explicitly specify the SQL server column type that can accommodate all the values in 'OnModelCreating' using 'HasColumnType', specify precision and scale using 'HasPrecision', or configure a value converter using 'HasConversion'.
2023-07-06 10:38:56.5658|WARN|Microsoft.EntityFrameworkCore.Model.Validation|The decimal property 'NotificacionId' is part of a key on entity type 'VistaNotificacionPDF'. If the configured precision and scale don't match the column type in the database, this will cause values to be silently truncated if they do not fit in the default precision and scale. Consider using a different property as the key, or make sure that the database column type matches the model configuration and enable decimal rounding warnings using 'SET NUMERIC_ROUNDABORT ON'.
2023-07-06 10:38:56.8930|DEBUG|Microsoft.EntityFrameworkCore.Infrastructure|Entity Framework Core 7.0.8 initialized 'SQLServerContext' using provider 'Microsoft.EntityFrameworkCore.SqlServer:7.0.8' with options: SensitiveDataLoggingEnabled 
2023-07-06 10:38:57.0589|DEBUG|Microsoft.EntityFrameworkCore.Query|Compiling query expression: 
'DbSet<VistaNotificacionPDF>()
    .FirstOrDefault(x => x.NotificacionId.Equals(__p_0))'
2023-07-06 10:38:57.7421|DEBUG|Microsoft.EntityFrameworkCore.Query|Generated query execution expression: 
'queryContext => new SingleQueryingEnumerable<VistaNotificacionPDF>(
    (RelationalQueryContext)queryContext, 
    RelationalCommandCache.QueryExpression(
        Projection Mapping:
            EmptyProjectionMember -> Dictionary<IProperty, int> { [Property: VistaNotificacionPDF.NotificacionId (decimal) Required PK AfterSave:Throw, 0], [Property: VistaNotificacionPDF.AbogadoEmail (string), 1], [Property: VistaNotificacionPDF.AbogadoFolio (string), 2], [Property: VistaNotificacionPDF.AbogadoNombre (string), 3], [Property: VistaNotificacionPDF.AbogadoTelefono (string), 4], [Property: VistaNotificacionPDF.AbogadoTomo (string), 5], [Property: VistaNotificacionPDF.CasoAutos (string), 6], [Property: VistaNotificacionPDF.CasoExpedienteJudicial (string), 7], [Property: VistaNotificacionPDF.CasoFechaSentencia (DateTime?), 8], [Property: VistaNotificacionPDF.FueroDescripcion (string), 9], [Property: VistaNotificacionPDF.JurisdiccionDescripcion (string), 10], [Property: VistaNotificacionPDF.JuzgadoDescripcion (string), 11], [Property: VistaNotificacionPDF.JuzgadoDireccion (string), 12], [Property: VistaNotificacionPDF.JuzgadoJuez (string), 13], [Property: VistaNotificacionPDF.ParteDireccion (string), 14], [Property: VistaNotificacionPDF.PersonaNombre (string), 15], [Property: VistaNotificacionPDF.SecretariaDescripcion (string), 16], [Property: VistaNotificacionPDF.TipoNotificacionCodigo (string), 17] }
        SELECT TOP(1) v.NotificacionId, v.AbogadoEmail, v.AbogadoFolio, v.AbogadoNombre, v.AbogadoTelefono, v.AbogadoTomo, v.CasoAutos, v.CasoExpedienteJudicial, v.CasoFechaSentencia, v.FueroDescripcion, v.JurisdiccionDescripcion, v.JuzgadoDescripcion, v.JuzgadoDireccion, v.JuzgadoJuez, v.ParteDireccion, v.PersonaNombre, v.SecretariaDescripcion, v.TipoNotificacionCodigo
        FROM vNotificacionPDF AS v
        WHERE v.NotificacionId == @__p_0), 
    null, 
    Func<QueryContext, DbDataReader, ResultContext, SingleQueryResultCoordinator, VistaNotificacionPDF>, 
    VEJuicios.Infrastructure.SQLServerContext, 
    False, 
    False, 
    True
)
    .SingleOrDefault()'
2023-07-06 10:38:57.8717|DEBUG|Microsoft.EntityFrameworkCore.Database.Command|Creating DbCommand for 'ExecuteReader'.
2023-07-06 10:38:57.9360|DEBUG|Microsoft.EntityFrameworkCore.Database.Connection|Creating DbConnection.
2023-07-06 10:38:58.0425|DEBUG|Microsoft.EntityFrameworkCore.Database.Connection|Created DbConnection. (104ms).
2023-07-06 10:38:58.1056|DEBUG|Microsoft.EntityFrameworkCore.Database.Command|Created DbCommand for 'ExecuteReader' (235ms).
2023-07-06 10:38:58.1819|DEBUG|Microsoft.EntityFrameworkCore.Database.Command|Initialized DbCommand for 'ExecuteReader' (312ms).
2023-07-06 10:38:58.2385|DEBUG|Microsoft.EntityFrameworkCore.Database.Connection|Opening connection to database 'JuiciosNotificacionesUTN' on server 'S1-DIXX-SQL21'.
2023-07-06 10:38:59.2317|DEBUG|Microsoft.EntityFrameworkCore.Database.Connection|Opened connection to database 'JuiciosNotificacionesUTN' on server 'S1-DIXX-SQL21'.
2023-07-06 10:38:59.3074|DEBUG|Microsoft.EntityFrameworkCore.Database.Command|Executing DbCommand [Parameters=[@__p_0='7' (Precision = 18) (Scale = 2)], CommandType='Text', CommandTimeout='30']
SELECT TOP(1) [v].[NotificacionId], [v].[AbogadoEmail], [v].[AbogadoFolio], [v].[AbogadoNombre], [v].[AbogadoTelefono], [v].[AbogadoTomo], [v].[CasoAutos], [v].[CasoExpedienteJudicial], [v].[CasoFechaSentencia], [v].[FueroDescripcion], [v].[JurisdiccionDescripcion], [v].[JuzgadoDescripcion], [v].[JuzgadoDireccion], [v].[JuzgadoJuez], [v].[ParteDireccion], [v].[PersonaNombre], [v].[SecretariaDescripcion], [v].[TipoNotificacionCodigo]
FROM [vNotificacionPDF] AS [v]
WHERE [v].[NotificacionId] = @__p_0
2023-07-06 10:38:59.5465|INFO|Microsoft.EntityFrameworkCore.Database.Command|Executed DbCommand (251ms) [Parameters=[@__p_0='7' (Precision = 18) (Scale = 2)], CommandType='Text', CommandTimeout='30']
SELECT TOP(1) [v].[NotificacionId], [v].[AbogadoEmail], [v].[AbogadoFolio], [v].[AbogadoNombre], [v].[AbogadoTelefono], [v].[AbogadoTomo], [v].[CasoAutos], [v].[CasoExpedienteJudicial], [v].[CasoFechaSentencia], [v].[FueroDescripcion], [v].[JurisdiccionDescripcion], [v].[JuzgadoDescripcion], [v].[JuzgadoDireccion], [v].[JuzgadoJuez], [v].[ParteDireccion], [v].[PersonaNombre], [v].[SecretariaDescripcion], [v].[TipoNotificacionCodigo]
FROM [vNotificacionPDF] AS [v]
WHERE [v].[NotificacionId] = @__p_0
2023-07-06 10:38:59.6854|DEBUG|Microsoft.EntityFrameworkCore.ChangeTracking|Context 'SQLServerContext' started tracking 'VistaNotificacionPDF' entity with key '{NotificacionId: 7}'.
2023-07-06 10:38:59.8216|DEBUG|Microsoft.EntityFrameworkCore.Database.Command|Closing data reader to 'JuiciosNotificacionesUTN' on server 'S1-DIXX-SQL21'.
2023-07-06 10:38:59.8926|DEBUG|Microsoft.EntityFrameworkCore.Database.Command|A data reader for 'JuiciosNotificacionesUTN' on server 'S1-DIXX-SQL21' is being disposed after spending 286ms reading results.
2023-07-06 10:38:59.9540|DEBUG|Microsoft.EntityFrameworkCore.Database.Connection|Closing connection to database 'JuiciosNotificacionesUTN' on server 'S1-DIXX-SQL21'.
2023-07-06 10:39:00.0243|DEBUG|Microsoft.EntityFrameworkCore.Database.Connection|Closed connection to database 'JuiciosNotificacionesUTN' on server 'S1-DIXX-SQL21' (69ms).
2023-07-06 10:39:00.7535|INFO|Microsoft.AspNetCore.Mvc.Infrastructure.FileContentResultExecutor|Executing FileContentResult, sending file with download name 'Notificacion.pdf' ...
2023-07-06 10:39:00.8166|DEBUG|Microsoft.AspNetCore.Mvc.Infrastructure.FileContentResultExecutor|The file result has not been enabled for processing range requests. To enable it, set the EnableRangeProcessing property on the result to 'true'.
2023-07-06 10:39:00.8845|INFO|Microsoft.AspNetCore.Mvc.Infrastructure.ControllerActionInvoker|Executed action VEJuicios.Controllers.PdfControllers.GetPdfNotificacion (VEJuicios) in 7302.6086ms
2023-07-06 10:39:00.9501|INFO|Microsoft.AspNetCore.Routing.EndpointMiddleware|Executed endpoint 'VEJuicios.Controllers.PdfControllers.GetPdfNotificacion (VEJuicios)'
2023-07-06 10:39:01.0260|DEBUG|Microsoft.EntityFrameworkCore.Infrastructure|'SQLServerContext' disposed.
2023-07-06 10:39:01.0993|DEBUG|Microsoft.EntityFrameworkCore.Database.Connection|Disposing connection to database 'JuiciosNotificacionesUTN' on server 'S1-DIXX-SQL21'.
2023-07-06 10:39:01.1564|DEBUG|Microsoft.EntityFrameworkCore.Database.Connection|Disposed connection to database '' on server '' (54ms).
2023-07-06 10:39:01.2074|INFO|Microsoft.AspNetCore.Hosting.Diagnostics|Request finished HTTP/2 GET https://localhost:5001/DescargarPDF?notificacionId=7&popUpFecha=20-03-2023&CopiasSiNo=1 - - - 200 29869 application/pdf 8327.4761ms
2023-07-06 10:39:02.7966|DEBUG|Microsoft.AspNetCore.Server.Kestrel.Transport.Sockets|Connection id "0HMRU4P3BC5VB" received FIN.
2023-07-06 10:39:02.8689|DEBUG|Microsoft.AspNetCore.Server.Kestrel.Http2|Connection id "0HMRU4P3BC5VB" is closed. The last processed stream ID was 1.
2023-07-06 10:39:02.9195|DEBUG|Microsoft.AspNetCore.Server.Kestrel.Transport.Sockets|Connection id "0HMRU4P3BC5VB" sending FIN because: "The client closed the connection."
2023-07-06 10:39:02.9765|DEBUG|Microsoft.AspNetCore.Server.Kestrel.Connections|Connection id "0HMRU4P3BC5VB" stopped.
2023-07-06 10:39:15.0165|DEBUG|Quartz.Core.QuartzSchedulerThread|Batch acquisition of 0 triggers
